#
# There is insufficient memory for the Java Runtime Environment to continue.
# Native memory allocation (malloc) failed to allocate 91226112 bytes for committing reserved memory.
# Possible reasons:
#   The system is out of physical RAM or swap space
#   In 32 bit mode, the process size limit was hit
# Possible solutions:
#   Reduce memory load on the system
#   Increase physical memory or swap space
#   Check if swap backing store is full
#   Use 64 bit Java on a 64 bit OS
#   Decrease Java heap size (-Xmx/-Xms)
#   Decrease number of Java threads
#   Decrease Java thread stack sizes (-Xss)
#   Set larger code cache with -XX:ReservedCodeCacheSize=
# This output file may be truncated or incomplete.
#
#  Out of Memory Error (os_linux.cpp:2756), pid=11248, tid=139720527587072
#
# JRE version: Java(TM) SE Runtime Environment (7.0_79-b15) (build 1.7.0_79-b15)
# Java VM: Java HotSpot(TM) 64-Bit Server VM (24.79-b02 mixed mode linux-amd64 compressed oops)
# Failed to write core dump. Core dumps have been disabled. To enable core dumping, try "ulimit -c unlimited" before starting Java again
#

---------------  T H R E A D  ---------------

Current thread (0x00007f1334066000):  VMThread [stack: 0x00007f13385a2000,0x00007f13386a3000] [id=11258]

Stack: [0x00007f13385a2000,0x00007f13386a3000],  sp=0x00007f13386a1240,  free space=1020k
Native frames: (J=compiled Java code, j=interpreted, Vv=VM code, C=native code)
V  [libjvm.so+0x9a32da]  VMError::report_and_die()+0x2ea
V  [libjvm.so+0x497f7b]  report_vm_out_of_memory(char const*, int, unsigned long, char const*)+0x9b
V  [libjvm.so+0x81fcce]  os::Linux::commit_memory_impl(char*, unsigned long, bool)+0xfe
V  [libjvm.so+0x820219]  os::pd_commit_memory(char*, unsigned long, unsigned long, bool)+0x29
V  [libjvm.so+0x819faa]  os::commit_memory(char*, unsigned long, unsigned long, bool)+0x2a
V  [libjvm.so+0x88d863]  PSVirtualSpace::expand_by(unsigned long)+0x53
V  [libjvm.so+0x88ec38]  PSYoungGen::resize_generation(unsigned long, unsigned long)+0xf8
V  [libjvm.so+0x88dda2]  PSYoungGen::resize(unsigned long, unsigned long)+0x22
V  [libjvm.so+0x88b15d]  PSScavenge::invoke_no_policy()+0xf3d
V  [libjvm.so+0x88b9a1]  PSScavenge::invoke()+0x41
V  [libjvm.so+0x842320]  ParallelScavengeHeap::failed_mem_allocate(unsigned long)+0x70
V  [libjvm.so+0x9a4b67]  VM_ParallelGCFailedAllocation::doit()+0x97
V  [libjvm.so+0x9ac005]  VM_Operation::evaluate()+0x55
V  [libjvm.so+0x9aa3ca]  VMThread::evaluate_operation(VM_Operation*)+0xba
V  [libjvm.so+0x9aa74e]  VMThread::loop()+0x1ce
V  [libjvm.so+0x9aabc0]  VMThread::run()+0x70
V  [libjvm.so+0x821ca8]  java_start(Thread*)+0x108

VM_Operation (0x00007f133c8fb290): ParallelGCFailedAllocation, mode: safepoint, requested by thread 0x00007f133400a800


---------------  P R O C E S S  ---------------

Java Threads: ( => current thread )
  0x00007f133409d800 JavaThread "Service Thread" daemon [_thread_blocked, id=11264, stack(0x00007f13306ec000,0x00007f13307ed000)]
  0x00007f133409b800 JavaThread "C2 CompilerThread1" daemon [_thread_blocked, id=11263, stack(0x00007f133809d000,0x00007f133819e000)]
  0x00007f1334098800 JavaThread "C2 CompilerThread0" daemon [_thread_blocked, id=11262, stack(0x00007f133819e000,0x00007f133829f000)]
  0x00007f1334096800 JavaThread "Signal Dispatcher" daemon [_thread_blocked, id=11261, stack(0x00007f133829f000,0x00007f13383a0000)]
  0x00007f133406c800 JavaThread "Finalizer" daemon [_thread_blocked, id=11260, stack(0x00007f13383a0000,0x00007f13384a1000)]
  0x00007f133406a000 JavaThread "Reference Handler" daemon [_thread_blocked, id=11259, stack(0x00007f13384a1000,0x00007f13385a2000)]
  0x00007f133400a800 JavaThread "main" [_thread_blocked, id=11254, stack(0x00007f133c7fc000,0x00007f133c8fd000)]

Other Threads:
=>0x00007f1334066000 VMThread [stack: 0x00007f13385a2000,0x00007f13386a3000] [id=11258]
  0x00007f13340a8800 WatcherThread [stack: 0x00007f13305eb000,0x00007f13306ec000] [id=11265]

VM state:at safepoint (normal execution)

VM Mutex/Monitor currently owned by a thread:  ([mutex/lock_event])
[0x00007f1334006e70] Threads_lock - owner thread: 0x00007f1334066000
[0x00007f1334007370] Heap_lock - owner thread: 0x00007f133400a800

Heap
 PSYoungGen      total 66048K, used 2535K [0x00000000eaa80000, 0x00000000eed80000, 0x0000000100000000)
  eden space 63488K, 0% used [0x00000000eaa80000,0x00000000eaa80000,0x00000000ee880000)
  from space 2560K, 99% used [0x00000000ee880000,0x00000000eeaf9e18,0x00000000eeb00000)
  to   space 2560K, 0% used [0x00000000eeb00000,0x00000000eeb00000,0x00000000eed80000)
 ParOldGen       total 41472K, used 28734K [0x00000000c0000000, 0x00000000c2880000, 0x00000000eaa80000)
  object space 41472K, 69% used [0x00000000c0000000,0x00000000c1c0fb48,0x00000000c2880000)
 PSPermGen       total 21504K, used 6843K [0x00000000bae00000, 0x00000000bc300000, 0x00000000c0000000)
  object space 21504K, 31% used [0x00000000bae00000,0x00000000bb4aee98,0x00000000bc300000)

Card table byte_map: [0x00007f13398bd000,0x00007f1339ae7000] byte_map_base: 0x00007f13392e6000

Polling page: 0x00007f133c91c000

Code Cache  [0x00007f1331000000, 0x00007f1331270000, 0x00007f1334000000)
 total_blobs=741 nmethods=491 adapters=204 free_code_cache=47843Kb largest_free_block=48957504

Compilation events (10 events):
Event: 5,847 Thread 0x00007f133409b800  489             com.android.dx.io.instructions.InstructionCodec$14::encode (29 bytes)
Event: 5,849 Thread 0x00007f133409b800 nmethod 489 0x00007f1331142f50 code [0x00007f13311430c0, 0x00007f13311432d8]
Event: 5,849 Thread 0x00007f133409b800  490             com.android.dx.io.instructions.ThreeRegisterDecodedInstruction::withIndex (41 bytes)
Event: 5,853 Thread 0x00007f133409b800 nmethod 490 0x00007f1331142ad0 code [0x00007f1331142c20, 0x00007f1331142dd8]
Event: 5,853 Thread 0x00007f133409b800  491             com.android.dx.io.instructions.ThreeRegisterDecodedInstruction::getRegisterCount (2 bytes)
Event: 5,853 Thread 0x00007f133409b800 nmethod 491 0x00007f13311428d0 code [0x00007f1331142a00, 0x00007f1331142a58]
Event: 5,864 Thread 0x00007f133409b800  492             com.android.dx.io.instructions.InstructionCodec$16::decode (58 bytes)
Event: 5,867 Thread 0x00007f133409b800 nmethod 492 0x00007f133114c090 code [0x00007f133114c1e0, 0x00007f133114c3d8]
Event: 5,867 Thread 0x00007f133409b800  493             com.android.dx.io.instructions.InstructionCodec$16::encode (37 bytes)
Event: 5,876 Thread 0x00007f133409b800 nmethod 493 0x00007f133114b990 code [0x00007f133114bb00, 0x00007f133114bd38]

GC Heap History (9 events):
Event: 2,963 GC heap before
{Heap before GC invocations=1 (full 0):
 PSYoungGen      total 18432K, used 15872K [0x00000000eaa80000, 0x00000000ebf00000, 0x0000000100000000)
  eden space 15872K, 100% used [0x00000000eaa80000,0x00000000eba00000,0x00000000eba00000)
  from space 2560K, 0% used [0x00000000ebc80000,0x00000000ebc80000,0x00000000ebf00000)
  to   space 2560K, 0% used [0x00000000eba00000,0x00000000eba00000,0x00000000ebc80000)
 ParOldGen       total 41472K, used 0K [0x00000000c0000000, 0x00000000c2880000, 0x00000000eaa80000)
  object space 41472K, 0% used [0x00000000c0000000,0x00000000c0000000,0x00000000c2880000)
 PSPermGen       total 21504K, used 5161K [0x00000000bae00000, 0x00000000bc300000, 0x00000000c0000000)
  object space 21504K, 24% used [0x00000000bae00000,0x00000000bb30a548,0x00000000bc300000)
Event: 3,005 GC heap after
Heap after GC invocations=1 (full 0):
 PSYoungGen      total 18432K, used 2534K [0x00000000eaa80000, 0x00000000ece80000, 0x0000000100000000)
  eden space 15872K, 0% used [0x00000000eaa80000,0x00000000eaa80000,0x00000000eba00000)
  from space 2560K, 98% used [0x00000000eba00000,0x00000000ebc79898,0x00000000ebc80000)
  to   space 2560K, 0% used [0x00000000ecc00000,0x00000000ecc00000,0x00000000ece80000)
 ParOldGen       total 41472K, used 2441K [0x00000000c0000000, 0x00000000c2880000, 0x00000000eaa80000)
  object space 41472K, 5% used [0x00000000c0000000,0x00000000c02625a8,0x00000000c2880000)
 PSPermGen       total 21504K, used 5161K [0x00000000bae00000, 0x00000000bc300000, 0x00000000c0000000)
  object space 21504K, 24% used [0x00000000bae00000,0x00000000bb30a548,0x00000000bc300000)
}
Event: 3,673 GC heap before
{Heap before GC invocations=2 (full 0):
 PSYoungGen      total 18432K, used 18406K [0x00000000eaa80000, 0x00000000ece80000, 0x0000000100000000)
  eden space 15872K, 100% used [0x00000000eaa80000,0x00000000eba00000,0x00000000eba00000)
  from space 2560K, 98% used [0x00000000eba00000,0x00000000ebc79898,0x00000000ebc80000)
  to   space 2560K, 0% used [0x00000000ecc00000,0x00000000ecc00000,0x00000000ece80000)
 ParOldGen       total 41472K, used 2441K [0x00000000c0000000, 0x00000000c2880000, 0x00000000eaa80000)
  object space 41472K, 5% used [0x00000000c0000000,0x00000000c02625a8,0x00000000c2880000)
 PSPermGen       total 21504K, used 5989K [0x00000000bae00000, 0x00000000bc300000, 0x00000000c0000000)
  object space 21504K, 27% used [0x00000000bae00000,0x00000000bb3d97c0,0x00000000bc300000)
Event: 3,694 GC heap after
Heap after GC invocations=2 (full 0):
 PSYoungGen      total 34304K, used 2546K [0x00000000eaa80000, 0x00000000ece80000, 0x0000000100000000)
  eden space 31744K, 0% used [0x00000000eaa80000,0x00000000eaa80000,0x00000000ec980000)
  from space 2560K, 99% used [0x00000000ecc00000,0x00000000ece7c988,0x00000000ece80000)
  to   space 2560K, 0% used [0x00000000ec980000,0x00000000ec980000,0x00000000ecc00000)
 ParOldGen       total 41472K, used 6417K [0x00000000c0000000, 0x00000000c2880000, 0x00000000eaa80000)
  object space 41472K, 15% used [0x00000000c0000000,0x00000000c0644460,0x00000000c2880000)
 PSPermGen       total 21504K, used 5989K [0x00000000bae00000, 0x00000000bc300000, 0x00000000c0000000)
  object space 21504K, 27% used [0x00000000bae00000,0x00000000bb3d97c0,0x00000000bc300000)
}
Event: 4,795 GC heap before
{Heap before GC invocations=3 (full 0):
 PSYoungGen      total 34304K, used 34290K [0x00000000eaa80000, 0x00000000ece80000, 0x0000000100000000)
  eden space 31744K, 100% used [0x00000000eaa80000,0x00000000ec980000,0x00000000ec980000)
  from space 2560K, 99% used [0x00000000ecc00000,0x00000000ece7c988,0x00000000ece80000)
  to   space 2560K, 0% used [0x00000000ec980000,0x00000000ec980000,0x00000000ecc00000)
 ParOldGen       total 41472K, used 6417K [0x00000000c0000000, 0x00000000c2880000, 0x00000000eaa80000)
  object space 41472K, 15% used [0x00000000c0000000,0x00000000c0644460,0x00000000c2880000)
 PSPermGen       total 21504K, used 6798K [0x00000000bae00000, 0x00000000bc300000, 0x00000000c0000000)
  object space 21504K, 31% used [0x00000000bae00000,0x00000000bb4a3968,0x00000000bc300000)
Event: 4,831 GC heap after
Heap after GC invocations=3 (full 0):
 PSYoungGen      total 34304K, used 2535K [0x00000000eaa80000, 0x00000000eed80000, 0x0000000100000000)
  eden space 31744K, 0% used [0x00000000eaa80000,0x00000000eaa80000,0x00000000ec980000)
  from space 2560K, 99% used [0x00000000ec980000,0x00000000ecbf9df8,0x00000000ecc00000)
  to   space 2560K, 0% used [0x00000000eeb00000,0x00000000eeb00000,0x00000000eed80000)
 ParOldGen       total 41472K, used 13026K [0x00000000c0000000, 0x00000000c2880000, 0x00000000eaa80000)
  object space 41472K, 31% used [0x00000000c0000000,0x00000000c0cb8ad0,0x00000000c2880000)
 PSPermGen       total 21504K, used 6798K [0x00000000bae00000, 0x00000000bc300000, 0x00000000c0000000)
  object space 21504K, 31% used [0x00000000bae00000,0x00000000bb4a3968,0x00000000bc300000)
}
Event: 5,235 GC heap before
{Heap before GC invocations=4 (full 0):
 PSYoungGen      total 34304K, used 34279K [0x00000000eaa80000, 0x00000000eed80000, 0x0000000100000000)
  eden space 31744K, 100% used [0x00000000eaa80000,0x00000000ec980000,0x00000000ec980000)
  from space 2560K, 99% used [0x00000000ec980000,0x00000000ecbf9df8,0x00000000ecc00000)
  to   space 2560K, 0% used [0x00000000eeb00000,0x00000000eeb00000,0x00000000eed80000)
 ParOldGen       total 41472K, used 13026K [0x00000000c0000000, 0x00000000c2880000, 0x00000000eaa80000)
  object space 41472K, 31% used [0x00000000c0000000,0x00000000c0cb8ad0,0x00000000c2880000)
 PSPermGen       total 21504K, used 6828K [0x00000000bae00000, 0x00000000bc300000, 0x00000000c0000000)
  object space 21504K, 31% used [0x00000000bae00000,0x00000000bb4ab2a0,0x00000000bc300000)
Event: 5,254 GC heap after
Heap after GC invocations=4 (full 0):
 PSYoungGen      total 66048K, used 2552K [0x00000000eaa80000, 0x00000000eed80000, 0x0000000100000000)
  eden space 63488K, 0% used [0x00000000eaa80000,0x00000000eaa80000,0x00000000ee880000)
  from space 2560K, 99% used [0x00000000eeb00000,0x00000000eed7e268,0x00000000eed80000)
  to   space 2560K, 0% used [0x00000000ee880000,0x00000000ee880000,0x00000000eeb00000)
 ParOldGen       total 41472K, used 15910K [0x00000000c0000000, 0x00000000c2880000, 0x00000000eaa80000)
  object space 41472K, 38% used [0x00000000c0000000,0x00000000c0f89800,0x00000000c2880000)
 PSPermGen       total 21504K, used 6828K [0x00000000bae00000, 0x00000000bc300000, 0x00000000c0000000)
  object space 21504K, 31% used [0x00000000bae00000,0x00000000bb4ab2a0,0x00000000bc300000)
}
Event: 5,894 GC heap before
{Heap before GC invocations=5 (full 0):
 PSYoungGen      total 66048K, used 66040K [0x00000000eaa80000, 0x00000000eed80000, 0x0000000100000000)
  eden space 63488K, 100% used [0x00000000eaa80000,0x00000000ee880000,0x00000000ee880000)
  from space 2560K, 99% used [0x00000000eeb00000,0x00000000eed7e268,0x00000000eed80000)
  to   space 2560K, 0% used [0x00000000ee880000,0x00000000ee880000,0x00000000eeb00000)
 ParOldGen       total 41472K, used 15910K [0x00000000c0000000, 0x00000000c2880000, 0x00000000eaa80000)
  object space 41472K, 38% used [0x00000000c0000000,0x00000000c0f89800,0x00000000c2880000)
 PSPermGen       total 21504K, used 6843K [0x00000000bae00000, 0x00000000bc300000, 0x00000000c0000000)
  object space 21504K, 31% used [0x00000000bae00000,0x00000000bb4aee98,0x00000000bc300000)

Deoptimization events (10 events):
Event: 4,056 Thread 0x00007f133400a800 Uncommon trap: reason=class_check action=maybe_recompile pc=0x00007f13310ace84 method=com.android.dex.Leb128.readUnsignedLeb128(Lcom/android/dex/util/ByteInput;)I @ 5
Event: 4,056 Thread 0x00007f133400a800 Uncommon trap: reason=class_check action=maybe_recompile pc=0x00007f13310ace84 method=com.android.dex.Leb128.readUnsignedLeb128(Lcom/android/dex/util/ByteInput;)I @ 5
Event: 4,056 Thread 0x00007f133400a800 Uncommon trap: reason=class_check action=maybe_recompile pc=0x00007f13310ace84 method=com.android.dex.Leb128.readUnsignedLeb128(Lcom/android/dex/util/ByteInput;)I @ 5
Event: 4,215 Thread 0x00007f133400a800 Uncommon trap: reason=predicate action=maybe_recompile pc=0x00007f13310bcad0 method=com.android.dex.Leb128.readUnsignedLeb128(Lcom/android/dex/util/ByteInput;)I @ 41
Event: 5,496 Thread 0x00007f133400a800 Uncommon trap: reason=predicate action=maybe_recompile pc=0x00007f13310fcf18 method=java.util.TimSort.binarySort([Ljava/lang/Object;IIILjava/util/Comparator;)V @ 37
Event: 5,642 Thread 0x00007f133400a800 Uncommon trap: reason=predicate action=maybe_recompile pc=0x00007f1331121e2c method=java.util.ComparableTimSort.binarySort([Ljava/lang/Object;III)V @ 37
Event: 5,753 Thread 0x00007f133400a800 Uncommon trap: reason=array_check action=maybe_recompile pc=0x00007f1331134f48 method=java.util.TimSort.binarySort([Ljava/lang/Object;IIILjava/util/Comparator;)V @ 193
Event: 5,753 Thread 0x00007f133400a800 Uncommon trap: reason=array_check action=maybe_recompile pc=0x00007f1331134f48 method=java.util.TimSort.binarySort([Ljava/lang/Object;IIILjava/util/Comparator;)V @ 193
Event: 5,753 Thread 0x00007f133400a800 Uncommon trap: reason=array_check action=maybe_recompile pc=0x00007f1331134f48 method=java.util.TimSort.binarySort([Ljava/lang/Object;IIILjava/util/Comparator;)V @ 193
Event: 5,753 Thread 0x00007f133400a800 Uncommon trap: reason=array_check action=maybe_recompile pc=0x00007f1331134f48 method=java.util.TimSort.binarySort([Ljava/lang/Object;IIILjava/util/Comparator;)V @ 193

Internal exceptions (10 events):
Event: 3,892 Thread 0x00007f133400a800 Threw 0x00000000eaccdc10 at /HUDSON/workspace/7u-2-build-linux-amd64/jdk7u79/2331/hotspot/src/share/vm/prims/jvm.cpp:1304
Event: 3,892 Thread 0x00007f133400a800 Threw 0x00000000eacd0de8 at /HUDSON/workspace/7u-2-build-linux-amd64/jdk7u79/2331/hotspot/src/share/vm/prims/jvm.cpp:1304
Event: 3,893 Thread 0x00007f133400a800 Threw 0x00000000eacd4110 at /HUDSON/workspace/7u-2-build-linux-amd64/jdk7u79/2331/hotspot/src/share/vm/prims/jvm.cpp:1304
Event: 3,895 Thread 0x00007f133400a800 Threw 0x00000000eacd92f0 at /HUDSON/workspace/7u-2-build-linux-amd64/jdk7u79/2331/hotspot/src/share/vm/prims/jvm.cpp:1304
Event: 3,896 Thread 0x00007f133400a800 Threw 0x00000000eacdc028 at /HUDSON/workspace/7u-2-build-linux-amd64/jdk7u79/2331/hotspot/src/share/vm/prims/jvm.cpp:1304
Event: 3,896 Thread 0x00007f133400a800 Threw 0x00000000eacdef20 at /HUDSON/workspace/7u-2-build-linux-amd64/jdk7u79/2331/hotspot/src/share/vm/prims/jvm.cpp:1304
Event: 3,897 Thread 0x00007f133400a800 Threw 0x00000000eace2230 at /HUDSON/workspace/7u-2-build-linux-amd64/jdk7u79/2331/hotspot/src/share/vm/prims/jvm.cpp:1304
Event: 3,900 Thread 0x00007f133400a800 Threw 0x00000000eace95a8 at /HUDSON/workspace/7u-2-build-linux-amd64/jdk7u79/2331/hotspot/src/share/vm/prims/jvm.cpp:1304
Event: 3,901 Thread 0x00007f133400a800 Threw 0x00000000eaceb600 at /HUDSON/workspace/7u-2-build-linux-amd64/jdk7u79/2331/hotspot/src/share/vm/prims/jvm.cpp:1304
Event: 4,561 Thread 0x00007f133400a800 Threw 0x00000000ebdac490 at /HUDSON/workspace/7u-2-build-linux-amd64/jdk7u79/2331/hotspot/src/share/vm/prims/jvm.cpp:1304

Events (10 events):
Event: 5,753 Thread 0x00007f133400a800 Uncommon trap: trap_request=0xffffffd6 fr.pc=0x00007f1331134f48
Event: 5,753 Thread 0x00007f133400a800 DEOPT PACKING pc=0x00007f1331134f48 sp=0x00007f133c8fb460
Event: 5,753 Thread 0x00007f133400a800 DEOPT UNPACKING pc=0x00007f1331039045 sp=0x00007f133c8fb428 mode 2
Event: 5,753 Thread 0x00007f133400a800 Uncommon trap: trap_request=0xffffffd6 fr.pc=0x00007f1331134f48
Event: 5,753 Thread 0x00007f133400a800 DEOPT PACKING pc=0x00007f1331134f48 sp=0x00007f133c8fb460
Event: 5,753 Thread 0x00007f133400a800 DEOPT UNPACKING pc=0x00007f1331039045 sp=0x00007f133c8fb428 mode 2
Event: 5,753 Thread 0x00007f133400a800 Uncommon trap: trap_request=0xffffffd6 fr.pc=0x00007f1331134f48
Event: 5,753 Thread 0x00007f133400a800 DEOPT PACKING pc=0x00007f1331134f48 sp=0x00007f133c8fb460
Event: 5,753 Thread 0x00007f133400a800 DEOPT UNPACKING pc=0x00007f1331039045 sp=0x00007f133c8fb428 mode 2
Event: 5,894 Executing VM operation: ParallelGCFailedAllocation


Dynamic libraries:
00400000-00401000 r-xp 00000000 00:1a 138257                             /home/sulf/Programs/jdk1.7.0_79/bin/java
00600000-00601000 rw-p 00000000 00:1a 138257                             /home/sulf/Programs/jdk1.7.0_79/bin/java
02006000-02027000 rw-p 00000000 00:00 0                                  [heap]
bae00000-bc300000 rw-p 00000000 00:00 0 
bc300000-c0000000 rw-p 00000000 00:00 0 
c0000000-c2880000 rw-p 00000000 00:00 0 
c2880000-eaa80000 rw-p 00000000 00:00 0 
eaa80000-eed80000 rw-p 00000000 00:00 0 
f4480000-100000000 rw-p 00000000 00:00 0 
7f12e8000000-7f12e8021000 rw-p 00000000 00:00 0 
7f12e8021000-7f12ec000000 ---p 00000000 00:00 0 
7f12f0000000-7f12f0021000 rw-p 00000000 00:00 0 
7f12f0021000-7f12f4000000 ---p 00000000 00:00 0 
7f12f4000000-7f12f4023000 rw-p 00000000 00:00 0 
7f12f4023000-7f12f8000000 ---p 00000000 00:00 0 
7f12f8000000-7f12f8021000 rw-p 00000000 00:00 0 
7f12f8021000-7f12fc000000 ---p 00000000 00:00 0 
7f12fc000000-7f12fc022000 rw-p 00000000 00:00 0 
7f12fc022000-7f1300000000 ---p 00000000 00:00 0 
7f1300000000-7f1300768000 rw-p 00000000 00:00 0 
7f1300768000-7f1304000000 ---p 00000000 00:00 0 
7f1304000000-7f1304021000 rw-p 00000000 00:00 0 
7f1304021000-7f1308000000 ---p 00000000 00:00 0 
7f1308000000-7f1308021000 rw-p 00000000 00:00 0 
7f1308021000-7f130c000000 ---p 00000000 00:00 0 
7f130c000000-7f130c941000 rw-p 00000000 00:00 0 
7f130c941000-7f1310000000 ---p 00000000 00:00 0 
7f1310000000-7f1310021000 rw-p 00000000 00:00 0 
7f1310021000-7f1314000000 ---p 00000000 00:00 0 
7f1314000000-7f1314021000 rw-p 00000000 00:00 0 
7f1314021000-7f1318000000 ---p 00000000 00:00 0 
7f1318000000-7f13180e2000 rw-p 00000000 00:00 0 
7f13180e2000-7f131c000000 ---p 00000000 00:00 0 
7f131ed70000-7f1321000000 rw-p 00000000 00:00 0 
7f1324000000-7f1324021000 rw-p 00000000 00:00 0 
7f1324021000-7f1328000000 ---p 00000000 00:00 0 
7f132ba6b000-7f132bbd8000 rw-p 00000000 00:00 0 
7f132bbd8000-7f132bbee000 r-xp 00000000 00:1a 270500                     /home/sulf/Programs/jdk1.7.0_79/jre/lib/amd64/libnet.so
7f132bbee000-7f132bdee000 ---p 00016000 00:1a 270500                     /home/sulf/Programs/jdk1.7.0_79/jre/lib/amd64/libnet.so
7f132bdee000-7f132bdef000 rw-p 00016000 00:1a 270500                     /home/sulf/Programs/jdk1.7.0_79/jre/lib/amd64/libnet.so
7f132bdef000-7f132bdff000 r-xp 00000000 00:1a 270466                     /home/sulf/Programs/jdk1.7.0_79/jre/lib/amd64/libnio.so
7f132bdff000-7f132bfff000 ---p 00010000 00:1a 270466                     /home/sulf/Programs/jdk1.7.0_79/jre/lib/amd64/libnio.so
7f132bfff000-7f132c000000 rw-p 00010000 00:1a 270466                     /home/sulf/Programs/jdk1.7.0_79/jre/lib/amd64/libnio.so
7f132c000000-7f132c021000 rw-p 00000000 00:00 0 
7f132c021000-7f1330000000 ---p 00000000 00:00 0 
7f13300e6000-7f13300e9000 ---p 00000000 00:00 0 
7f13300e9000-7f13301e7000 rw-p 00000000 00:00 0 
7f13301e7000-7f13301ea000 ---p 00000000 00:00 0 
7f13301ea000-7f13302e8000 rw-p 00000000 00:00 0 
7f13302e8000-7f13302eb000 ---p 00000000 00:00 0 
7f13302eb000-7f13303e9000 rw-p 00000000 00:00 0 
7f13303e9000-7f13303ec000 ---p 00000000 00:00 0 
7f13303ec000-7f13304ea000 rw-p 00000000 00:00 0 
7f13304ea000-7f13304ed000 ---p 00000000 00:00 0 
7f13304ed000-7f13305eb000 rw-p 00000000 00:00 0 
7f13305eb000-7f13305ec000 ---p 00000000 00:00 0 
7f13305ec000-7f13306ec000 rw-p 00000000 00:00 0                          [stack:11265]
7f13306ec000-7f13306ef000 ---p 00000000 00:00 0 
7f13306ef000-7f13307ed000 rw-p 00000000 00:00 0                          [stack:11264]
7f13307ed000-7f1331000000 r--p 00000000 08:08 1319188                    /usr/lib/locale/locale-archive
7f1331000000-7f1331270000 rwxp 00000000 00:00 0 
7f1331270000-7f13341e1000 rw-p 00000000 00:00 0 
7f13341e1000-7f1338000000 ---p 00000000 00:00 0 
7f133809d000-7f13380a0000 ---p 00000000 00:00 0 
7f13380a0000-7f133819e000 rw-p 00000000 00:00 0                          [stack:11263]
7f133819e000-7f13381a1000 ---p 00000000 00:00 0 
7f13381a1000-7f133829f000 rw-p 00000000 00:00 0                          [stack:11262]
7f133829f000-7f13382a2000 ---p 00000000 00:00 0 
7f13382a2000-7f13383a0000 rw-p 00000000 00:00 0                          [stack:11261]
7f13383a0000-7f13383a3000 ---p 00000000 00:00 0 
7f13383a3000-7f13384a1000 rw-p 00000000 00:00 0                          [stack:11260]
7f13384a1000-7f13384a4000 ---p 00000000 00:00 0 
7f13384a4000-7f13385a2000 rw-p 00000000 00:00 0                          [stack:11259]
7f13385a2000-7f13385a3000 ---p 00000000 00:00 0 
7f13385a3000-7f133905a000 rw-p 00000000 00:00 0                          [stack:11258]
7f133905a000-7f133921a000 r--s 039f7000 00:1a 270570                     /home/sulf/Programs/jdk1.7.0_79/jre/lib/rt.jar
7f133921a000-7f133953c000 rw-p 00000000 00:00 0 
7f133953c000-7f133953d000 ---p 00000000 00:00 0 
7f133953d000-7f133963d000 rw-p 00000000 00:00 0                          [stack:11256]
7f133963d000-7f133963e000 ---p 00000000 00:00 0 
7f133963e000-7f1339749000 rw-p 00000000 00:00 0                          [stack:11255]
7f1339749000-7f1339767000 rw-p 00000000 00:00 0 
7f1339767000-7f133977c000 rw-p 00000000 00:00 0 
7f133977c000-7f13398bd000 rw-p 00000000 00:00 0 
7f13398bd000-7f13398c8000 rw-p 00000000 00:00 0 
7f13398c8000-7f13398e6000 rw-p 00000000 00:00 0 
7f13398e6000-7f13398fb000 rw-p 00000000 00:00 0 
7f13398fb000-7f1339a3b000 rw-p 00000000 00:00 0 
7f1339a3b000-7f1339a5d000 rw-p 00000000 00:00 0 
7f1339a5d000-7f1339ae6000 rw-p 00000000 00:00 0 
7f1339ae6000-7f1339ae7000 rw-p 00000000 00:00 0 
7f1339ae7000-7f1339b01000 r-xp 00000000 00:1a 270495                     /home/sulf/Programs/jdk1.7.0_79/jre/lib/amd64/libzip.so
7f1339b01000-7f1339d01000 ---p 0001a000 00:1a 270495                     /home/sulf/Programs/jdk1.7.0_79/jre/lib/amd64/libzip.so
7f1339d01000-7f1339d02000 rw-p 0001a000 00:1a 270495                     /home/sulf/Programs/jdk1.7.0_79/jre/lib/amd64/libzip.so
7f1339d02000-7f1339d0d000 r-xp 00000000 08:08 790982                     /lib/x86_64-linux-gnu/libnss_files-2.19.so
7f1339d0d000-7f1339f0c000 ---p 0000b000 08:08 790982                     /lib/x86_64-linux-gnu/libnss_files-2.19.so
7f1339f0c000-7f1339f0d000 r--p 0000a000 08:08 790982                     /lib/x86_64-linux-gnu/libnss_files-2.19.so
7f1339f0d000-7f1339f0e000 rw-p 0000b000 08:08 790982                     /lib/x86_64-linux-gnu/libnss_files-2.19.so
7f1339f0e000-7f1339f19000 r-xp 00000000 08:08 790992                     /lib/x86_64-linux-gnu/libnss_nis-2.19.so
7f1339f19000-7f133a118000 ---p 0000b000 08:08 790992                     /lib/x86_64-linux-gnu/libnss_nis-2.19.so
7f133a118000-7f133a119000 r--p 0000a000 08:08 790992                     /lib/x86_64-linux-gnu/libnss_nis-2.19.so
7f133a119000-7f133a11a000 rw-p 0000b000 08:08 790992                     /lib/x86_64-linux-gnu/libnss_nis-2.19.so
7f133a11a000-7f133a131000 r-xp 00000000 08:08 790976                     /lib/x86_64-linux-gnu/libnsl-2.19.so
7f133a131000-7f133a330000 ---p 00017000 08:08 790976                     /lib/x86_64-linux-gnu/libnsl-2.19.so
7f133a330000-7f133a331000 r--p 00016000 08:08 790976                     /lib/x86_64-linux-gnu/libnsl-2.19.so
7f133a331000-7f133a332000 rw-p 00017000 08:08 790976                     /lib/x86_64-linux-gnu/libnsl-2.19.so
7f133a332000-7f133a334000 rw-p 00000000 00:00 0 
7f133a334000-7f133a33d000 r-xp 00000000 08:08 790978                     /lib/x86_64-linux-gnu/libnss_compat-2.19.so
7f133a33d000-7f133a53c000 ---p 00009000 08:08 790978                     /lib/x86_64-linux-gnu/libnss_compat-2.19.so
7f133a53c000-7f133a53d000 r--p 00008000 08:08 790978                     /lib/x86_64-linux-gnu/libnss_compat-2.19.so
7f133a53d000-7f133a53e000 rw-p 00009000 08:08 790978                     /lib/x86_64-linux-gnu/libnss_compat-2.19.so
7f133a53e000-7f133a567000 r-xp 00000000 00:1a 270461                     /home/sulf/Programs/jdk1.7.0_79/jre/lib/amd64/libjava.so
7f133a567000-7f133a767000 ---p 00029000 00:1a 270461                     /home/sulf/Programs/jdk1.7.0_79/jre/lib/amd64/libjava.so
7f133a767000-7f133a769000 rw-p 00029000 00:1a 270461                     /home/sulf/Programs/jdk1.7.0_79/jre/lib/amd64/libjava.so
7f133a769000-7f133a776000 r-xp 00000000 00:1a 270488                     /home/sulf/Programs/jdk1.7.0_79/jre/lib/amd64/libverify.so
7f133a776000-7f133a975000 ---p 0000d000 00:1a 270488                     /home/sulf/Programs/jdk1.7.0_79/jre/lib/amd64/libverify.so
7f133a975000-7f133a977000 rw-p 0000c000 00:1a 270488                     /home/sulf/Programs/jdk1.7.0_79/jre/lib/amd64/libverify.so
7f133a977000-7f133a97e000 r-xp 00000000 08:08 791035                     /lib/x86_64-linux-gnu/librt-2.19.so
7f133a97e000-7f133ab7d000 ---p 00007000 08:08 791035                     /lib/x86_64-linux-gnu/librt-2.19.so
7f133ab7d000-7f133ab7e000 r--p 00006000 08:08 791035                     /lib/x86_64-linux-gnu/librt-2.19.so
7f133ab7e000-7f133ab7f000 rw-p 00007000 08:08 791035                     /lib/x86_64-linux-gnu/librt-2.19.so
7f133ab7f000-7f133ac84000 r-xp 00000000 08:08 790957                     /lib/x86_64-linux-gnu/libm-2.19.so
7f133ac84000-7f133ae83000 ---p 00105000 08:08 790957                     /lib/x86_64-linux-gnu/libm-2.19.so
7f133ae83000-7f133ae84000 r--p 00104000 08:08 790957                     /lib/x86_64-linux-gnu/libm-2.19.so
7f133ae84000-7f133ae85000 rw-p 00105000 08:08 790957                     /lib/x86_64-linux-gnu/libm-2.19.so
7f133ae85000-7f133b9fa000 r-xp 00000000 00:1a 270515                     /home/sulf/Programs/jdk1.7.0_79/jre/lib/amd64/server/libjvm.so
7f133b9fa000-7f133bbfa000 ---p 00b75000 00:1a 270515                     /home/sulf/Programs/jdk1.7.0_79/jre/lib/amd64/server/libjvm.so
7f133bbfa000-7f133bcbe000 rw-p 00b75000 00:1a 270515                     /home/sulf/Programs/jdk1.7.0_79/jre/lib/amd64/server/libjvm.so
7f133bcbe000-7f133bcff000 rw-p 00000000 00:00 0 
7f133bcff000-7f133beba000 r-xp 00000000 08:08 790907                     /lib/x86_64-linux-gnu/libc-2.19.so
7f133beba000-7f133c0b9000 ---p 001bb000 08:08 790907                     /lib/x86_64-linux-gnu/libc-2.19.so
7f133c0b9000-7f133c0bd000 r--p 001ba000 08:08 790907                     /lib/x86_64-linux-gnu/libc-2.19.so
7f133c0bd000-7f133c0bf000 rw-p 001be000 08:08 790907                     /lib/x86_64-linux-gnu/libc-2.19.so
7f133c0bf000-7f133c0c4000 rw-p 00000000 00:00 0 
7f133c0c4000-7f133c0c7000 r-xp 00000000 08:08 790924                     /lib/x86_64-linux-gnu/libdl-2.19.so
7f133c0c7000-7f133c2c6000 ---p 00003000 08:08 790924                     /lib/x86_64-linux-gnu/libdl-2.19.so
7f133c2c6000-7f133c2c7000 r--p 00002000 08:08 790924                     /lib/x86_64-linux-gnu/libdl-2.19.so
7f133c2c7000-7f133c2c8000 rw-p 00003000 08:08 790924                     /lib/x86_64-linux-gnu/libdl-2.19.so
7f133c2c8000-7f133c2de000 r-xp 00000000 00:1a 137435                     /home/sulf/Programs/jdk1.7.0_79/lib/amd64/jli/libjli.so
7f133c2de000-7f133c4de000 ---p 00016000 00:1a 137435                     /home/sulf/Programs/jdk1.7.0_79/lib/amd64/jli/libjli.so
7f133c4de000-7f133c4df000 rw-p 00016000 00:1a 137435                     /home/sulf/Programs/jdk1.7.0_79/lib/amd64/jli/libjli.so
7f133c4df000-7f133c4f8000 r-xp 00000000 08:08 791027                     /lib/x86_64-linux-gnu/libpthread-2.19.so
7f133c4f8000-7f133c6f7000 ---p 00019000 08:08 791027                     /lib/x86_64-linux-gnu/libpthread-2.19.so
7f133c6f7000-7f133c6f8000 r--p 00018000 08:08 791027                     /lib/x86_64-linux-gnu/libpthread-2.19.so
7f133c6f8000-7f133c6f9000 rw-p 00019000 08:08 791027                     /lib/x86_64-linux-gnu/libpthread-2.19.so
7f133c6f9000-7f133c6fd000 rw-p 00000000 00:00 0 
7f133c6fd000-7f133c720000 r-xp 00000000 08:08 790883                     /lib/x86_64-linux-gnu/ld-2.19.so
7f133c722000-7f133c726000 r--s 0008b000 00:1a 270565                     /home/sulf/Programs/jdk1.7.0_79/jre/lib/jsse.jar
7f133c726000-7f133c746000 rw-p 00000000 00:00 0 
7f133c746000-7f133c7fc000 rw-p 00000000 00:00 0 
7f133c7fc000-7f133c7ff000 ---p 00000000 00:00 0 
7f133c7ff000-7f133c901000 rw-p 00000000 00:00 0                          [stack:11254]
7f133c903000-7f133c904000 rw-p 00000000 00:00 0 
7f133c904000-7f133c913000 r--s 000df000 00:1a 932461                     /home/sulf/Android/Sdk/build-tools/23.0.1/lib/dx.jar
7f133c913000-7f133c91b000 rw-s 00000000 08:08 1070767                    /tmp/hsperfdata_sulf/11248
7f133c91b000-7f133c91c000 rw-p 00000000 00:00 0 
7f133c91c000-7f133c91d000 ---p 00000000 00:00 0 
7f133c91d000-7f133c91f000 rw-p 00000000 00:00 0 
7f133c91f000-7f133c920000 r--p 00022000 08:08 790883                     /lib/x86_64-linux-gnu/ld-2.19.so
7f133c920000-7f133c921000 rw-p 00023000 08:08 790883                     /lib/x86_64-linux-gnu/ld-2.19.so
7f133c921000-7f133c922000 rw-p 00000000 00:00 0 
7ffdb1798000-7ffdb17ba000 rw-p 00000000 00:00 0                          [stack]
7ffdb17ef000-7ffdb17f1000 r--p 00000000 00:00 0                          [vvar]
7ffdb17f1000-7ffdb17f3000 r-xp 00000000 00:00 0                          [vdso]
ffffffffff600000-ffffffffff601000 r-xp 00000000 00:00 0                  [vsyscall]

VM Arguments:
jvm_args: -Xmx1024M -Dfile.encoding=UTF-8 -Duser.country=US -Duser.language=en -Duser.variant 
java_command: com.android.dx.command.Main --dex --num-threads=4 --output /home/sulf/Documents/Hacktory#2/app/build/intermediates/dex/debug /home/sulf/Documents/Hacktory#2/app/build/intermediates/classes/debug /home/sulf/Documents/Hacktory#2/app/build/intermediates/pre-dexed/debug/support-annotations-23.1.0-f29aedbac53570b365544dd31499119ef41f2026.jar /home/sulf/Documents/Hacktory#2/app/build/intermediates/pre-dexed/debug/okio-1.6.0-fd4631654f755252c7d8d86fc4932564849f802e.jar /home/sulf/Documents/Hacktory#2/app/build/intermediates/pre-dexed/debug/classes-fd7796d1206e8c3a6ef6d5a39de5332dfbf1551d.jar /home/sulf/Documents/Hacktory#2/app/build/intermediates/pre-dexed/debug/internal_impl-23.1.0-d2f53f37b40546631cdf99ecf3577b79724b7a46.jar /home/sulf/Documents/Hacktory#2/app/build/intermediates/pre-dexed/debug/classes-3e734e371a324d813621cae74239ee046ab854d5.jar /home/sulf/Documents/Hacktory#2/app/build/intermediates/pre-dexed/debug/okhttp-2.5.0-ce6ca9a411cc147bed24cedfafa12dca5acbf512.jar /home/sulf/Documents/Hacktory#2/app/build/intermediates/pre-dexed/debug/classes-b64b3ac9fc93f2139aca328b9afc3e4df98b408e.jar /home/sulf/Documents/Hacktory#2/app/build/intermediates/pre-dexed/debug/classes-560a7c7f6cf6954444611f2e394acba2696e7066.jar /home/sulf/Documents/Hacktory#2/app/build/intermediates/pre-dexed/debug/classes-ae13253f84110a7f1e2cf34bb8781576adf5dd23.jar
Launcher Type: SUN_STANDARD

Environment Variables:
JAVA_HOME=/home/sulf/Programs/jdk1.7.0_79
PATH=/usr/local/sbin:/usr/local/bin:/usr/sbin:/usr/bin:/sbin:/bin:/usr/games:/usr/local/games:/home/sulf/Programs/android-studio/bin:/home/sulf/Programs/idea-IC-143.381.42/bin:/home/sulf/Programs/jdk1.7.0_79
LD_LIBRARY_PATH=/home/sulf/Programs/android-studio/bin:
SHELL=/bin/bash
DISPLAY=:0

Signal Handlers:
SIGSEGV: [libjvm.so+0x9a3bf0], sa_mask[0]=0x7ffbfeff, sa_flags=0x10000004
SIGBUS: [libjvm.so+0x9a3bf0], sa_mask[0]=0x7ffbfeff, sa_flags=0x10000004
SIGFPE: [libjvm.so+0x81cb60], sa_mask[0]=0x7ffbfeff, sa_flags=0x10000004
SIGPIPE: [libjvm.so+0x81cb60], sa_mask[0]=0x7ffbfeff, sa_flags=0x10000004
SIGXFSZ: [libjvm.so+0x81cb60], sa_mask[0]=0x7ffbfeff, sa_flags=0x10000004
SIGILL: [libjvm.so+0x81cb60], sa_mask[0]=0x7ffbfeff, sa_flags=0x10000004
SIGUSR1: SIG_DFL, sa_mask[0]=0x00000000, sa_flags=0x00000000
SIGUSR2: [libjvm.so+0x81e360], sa_mask[0]=0x00000004, sa_flags=0x10000004
SIGHUP: [libjvm.so+0x81f480], sa_mask[0]=0x7ffbfeff, sa_flags=0x10000004
SIGINT: [libjvm.so+0x81f480], sa_mask[0]=0x7ffbfeff, sa_flags=0x10000004
SIGTERM: [libjvm.so+0x81f480], sa_mask[0]=0x7ffbfeff, sa_flags=0x10000004
SIGQUIT: [libjvm.so+0x81f480], sa_mask[0]=0x7ffbfeff, sa_flags=0x10000004


---------------  S Y S T E M  ---------------

OS:jessie/sid

uname:Linux 3.19.0-31-generic #36~14.04.1-Ubuntu SMP Thu Oct 8 10:21:08 UTC 2015 x86_64
libc:glibc 2.19 NPTL 2.19 
rlimit: STACK 8192k, CORE 0k, NPROC 15560, NOFILE 4096, AS infinity
load average:2,15 1,18 1,01

/proc/meminfo:
MemTotal:        4014060 kB
MemFree:          124628 kB
MemAvailable:      84004 kB
Buffers:            1572 kB
Cached:            96384 kB
SwapCached:            0 kB
Active:          3609804 kB
Inactive:          69068 kB
Active(anon):    3582356 kB
Inactive(anon):    42400 kB
Active(file):      27448 kB
Inactive(file):    26668 kB
Unevictable:          32 kB
Mlocked:              32 kB
SwapTotal:             0 kB
SwapFree:              0 kB
Dirty:               536 kB
Writeback:             0 kB
AnonPages:       3580964 kB
Mapped:            86620 kB
Shmem:             43824 kB
Slab:              77484 kB
SReclaimable:      33556 kB
SUnreclaim:        43928 kB
KernelStack:       10272 kB
PageTables:        45564 kB
NFS_Unstable:          0 kB
Bounce:                0 kB
WritebackTmp:          0 kB
CommitLimit:     2007028 kB
Committed_AS:    7475460 kB
VmallocTotal:   34359738367 kB
VmallocUsed:       92200 kB
VmallocChunk:   34359641980 kB
HardwareCorrupted:     0 kB
AnonHugePages:   2263040 kB
CmaTotal:              0 kB
CmaFree:               0 kB
HugePages_Total:       0
HugePages_Free:        0
HugePages_Rsvd:        0
HugePages_Surp:        0
Hugepagesize:       2048 kB
DirectMap4k:      384588 kB
DirectMap2M:     3776512 kB


CPU:total 2 (2 cores per cpu, 1 threads per core) family 6 model 23 stepping 10, cmov, cx8, fxsr, mmx, sse, sse2, sse3, ssse3, sse4.1, tsc

/proc/cpuinfo:
processor	: 0
vendor_id	: GenuineIntel
cpu family	: 6
model		: 23
model name	: Intel(R) Core(TM)2 Duo CPU     T6600  @ 2.20GHz
stepping	: 10
microcode	: 0xa0b
cpu MHz		: 2200.000
cache size	: 2048 KB
physical id	: 0
siblings	: 2
core id		: 0
cpu cores	: 2
apicid		: 0
initial apicid	: 0
fpu		: yes
fpu_exception	: yes
cpuid level	: 13
wp		: yes
flags		: fpu vme de pse tsc msr pae mce cx8 apic sep mtrr pge mca cmov pat pse36 clflush dts acpi mmx fxsr sse sse2 ss ht tm pbe syscall nx lm constant_tsc arch_perfmon pebs bts rep_good nopl aperfmperf pni dtes64 monitor ds_cpl est tm2 ssse3 cx16 xtpr pdcm sse4_1 xsave lahf_lm dtherm
bugs		:
bogomips	: 4388.72
clflush size	: 64
cache_alignment	: 64
address sizes	: 36 bits physical, 48 bits virtual
power management:

processor	: 1
vendor_id	: GenuineIntel
cpu family	: 6
model		: 23
model name	: Intel(R) Core(TM)2 Duo CPU     T6600  @ 2.20GHz
stepping	: 10
microcode	: 0xa0b
cpu MHz		: 1200.000
cache size	: 2048 KB
physical id	: 0
siblings	: 2
core id		: 1
cpu cores	: 2
apicid		: 1
initial apicid	: 1
fpu		: yes
fpu_exception	: yes
cpuid level	: 13
wp		: yes
flags		: fpu vme de pse tsc msr pae mce cx8 apic sep mtrr pge mca cmov pat pse36 clflush dts acpi mmx fxsr sse sse2 ss ht tm pbe syscall nx lm constant_tsc arch_perfmon pebs bts rep_good nopl aperfmperf pni dtes64 monitor ds_cpl est tm2 ssse3 cx16 xtpr pdcm sse4_1 xsave lahf_lm dtherm
bugs		:
bogomips	: 4388.72
clflush size	: 64
cache_alignment	: 64
address sizes	: 36 bits physical, 48 bits virtual
power management:



Memory: 4k page, physical 4014060k(124628k free), swap 0k(0k free)

vm_info: Java HotSpot(TM) 64-Bit Server VM (24.79-b02) for linux-amd64 JRE (1.7.0_79-b15), built on Apr 10 2015 11:34:48 by "java_re" with gcc 4.3.0 20080428 (Red Hat 4.3.0-8)

time: Sat Nov  7 15:18:52 2015
elapsed time: 6 seconds

