#
# There is insufficient memory for the Java Runtime Environment to continue.
# Native memory allocation (malloc) failed to allocate 89128960 bytes for committing reserved memory.
# Possible reasons:
#   The system is out of physical RAM or swap space
#   In 32 bit mode, the process size limit was hit
# Possible solutions:
#   Reduce memory load on the system
#   Increase physical memory or swap space
#   Check if swap backing store is full
#   Use 64 bit Java on a 64 bit OS
#   Decrease Java heap size (-Xmx/-Xms)
#   Decrease number of Java threads
#   Decrease Java thread stack sizes (-Xss)
#   Set larger code cache with -XX:ReservedCodeCacheSize=
# This output file may be truncated or incomplete.
#
#  Out of Memory Error (os_linux.cpp:2756), pid=11417, tid=139856613193472
#
# JRE version: Java(TM) SE Runtime Environment (7.0_79-b15) (build 1.7.0_79-b15)
# Java VM: Java HotSpot(TM) 64-Bit Server VM (24.79-b02 mixed mode linux-amd64 compressed oops)
# Failed to write core dump. Core dumps have been disabled. To enable core dumping, try "ulimit -c unlimited" before starting Java again
#

---------------  T H R E A D  ---------------

Current thread (0x00007f32f0066000):  VMThread [stack: 0x00007f32e7afb000,0x00007f32e7bfc000] [id=11426]

Stack: [0x00007f32e7afb000,0x00007f32e7bfc000],  sp=0x00007f32e7bfa1c0,  free space=1020k
Native frames: (J=compiled Java code, j=interpreted, Vv=VM code, C=native code)
V  [libjvm.so+0x9a32da]  VMError::report_and_die()+0x2ea
V  [libjvm.so+0x497f7b]  report_vm_out_of_memory(char const*, int, unsigned long, char const*)+0x9b
V  [libjvm.so+0x81fcce]  os::Linux::commit_memory_impl(char*, unsigned long, bool)+0xfe
V  [libjvm.so+0x820219]  os::pd_commit_memory(char*, unsigned long, unsigned long, bool)+0x29
V  [libjvm.so+0x819faa]  os::commit_memory(char*, unsigned long, unsigned long, bool)+0x2a
V  [libjvm.so+0x88d863]  PSVirtualSpace::expand_by(unsigned long)+0x53
V  [libjvm.so+0x88ec38]  PSYoungGen::resize_generation(unsigned long, unsigned long)+0xf8
V  [libjvm.so+0x88dda2]  PSYoungGen::resize(unsigned long, unsigned long)+0x22
V  [libjvm.so+0x88b15d]  PSScavenge::invoke_no_policy()+0xf3d
V  [libjvm.so+0x88b9a1]  PSScavenge::invoke()+0x41
V  [libjvm.so+0x842320]  ParallelScavengeHeap::failed_mem_allocate(unsigned long)+0x70
V  [libjvm.so+0x9a4b67]  VM_ParallelGCFailedAllocation::doit()+0x97
V  [libjvm.so+0x9ac005]  VM_Operation::evaluate()+0x55
V  [libjvm.so+0x9aa3ca]  VMThread::evaluate_operation(VM_Operation*)+0xba
V  [libjvm.so+0x9aa74e]  VMThread::loop()+0x1ce
V  [libjvm.so+0x9aabc0]  VMThread::run()+0x70
V  [libjvm.so+0x821ca8]  java_start(Thread*)+0x108

VM_Operation (0x00007f32f6f19230): ParallelGCFailedAllocation, mode: safepoint, requested by thread 0x00007f32f000a800


---------------  P R O C E S S  ---------------

Java Threads: ( => current thread )
  0x00007f32f0096000 JavaThread "Service Thread" daemon [_thread_blocked, id=11432, stack(0x00007f32e6ce2000,0x00007f32e6de3000)]
  0x00007f32f0093800 JavaThread "C2 CompilerThread1" daemon [_thread_blocked, id=11431, stack(0x00007f32e6de3000,0x00007f32e6ee4000)]
  0x00007f32f0090800 JavaThread "C2 CompilerThread0" daemon [_thread_blocked, id=11430, stack(0x00007f32e6ee4000,0x00007f32e6fe5000)]
  0x00007f32f008e800 JavaThread "Signal Dispatcher" daemon [_thread_blocked, id=11429, stack(0x00007f32e6fe5000,0x00007f32e70e6000)]
  0x00007f32f006c800 JavaThread "Finalizer" daemon [_thread_blocked, id=11428, stack(0x00007f32e78f9000,0x00007f32e79fa000)]
  0x00007f32f006a000 JavaThread "Reference Handler" daemon [_thread_blocked, id=11427, stack(0x00007f32e79fa000,0x00007f32e7afb000)]
  0x00007f32f000a800 JavaThread "main" [_thread_blocked, id=11423, stack(0x00007f32f6e1a000,0x00007f32f6f1b000)]

Other Threads:
=>0x00007f32f0066000 VMThread [stack: 0x00007f32e7afb000,0x00007f32e7bfc000] [id=11426]
  0x00007f32f00a0800 WatcherThread [stack: 0x00007f32e6be1000,0x00007f32e6ce2000] [id=11433]

VM state:at safepoint (normal execution)

VM Mutex/Monitor currently owned by a thread:  ([mutex/lock_event])
[0x00007f32f0006e70] Threads_lock - owner thread: 0x00007f32f0066000
[0x00007f32f0007370] Heap_lock - owner thread: 0x00007f32f000a800

Heap
 PSYoungGen      total 66048K, used 2548K [0x00000000eaa80000, 0x00000000eed80000, 0x0000000100000000)
  eden space 63488K, 0% used [0x00000000eaa80000,0x00000000eaa80000,0x00000000ee880000)
  from space 2560K, 99% used [0x00000000ee880000,0x00000000eeafd028,0x00000000eeb00000)
  to   space 2560K, 0% used [0x00000000eeb00000,0x00000000eeb00000,0x00000000eed80000)
 ParOldGen       total 41472K, used 28081K [0x00000000c0000000, 0x00000000c2880000, 0x00000000eaa80000)
  object space 41472K, 67% used [0x00000000c0000000,0x00000000c1b6c418,0x00000000c2880000)
 PSPermGen       total 21504K, used 6842K [0x00000000bae00000, 0x00000000bc300000, 0x00000000c0000000)
  object space 21504K, 31% used [0x00000000bae00000,0x00000000bb4ae8c8,0x00000000bc300000)

Card table byte_map: [0x00007f32ecdd6000,0x00007f32ed000000] byte_map_base: 0x00007f32ec7ff000

Polling page: 0x00007f32f6f3a000

Code Cache  [0x00007f32ed000000, 0x00007f32ed270000, 0x00007f32f0000000)
 total_blobs=746 nmethods=496 adapters=204 free_code_cache=47844Kb largest_free_block=48958144

Compilation events (10 events):
Event: 5,821 Thread 0x00007f32f0093800  493             com.android.dx.io.instructions.InstructionCodec$14::encode (29 bytes)
Event: 5,824 Thread 0x00007f32f0093800 nmethod 493 0x00007f32ed144490 code [0x00007f32ed144600, 0x00007f32ed144818]
Event: 5,824 Thread 0x00007f32f0093800  494             com.android.dx.io.instructions.ThreeRegisterDecodedInstruction::withIndex (41 bytes)
Event: 5,833 Thread 0x00007f32f0093800 nmethod 494 0x00007f32ed143610 code [0x00007f32ed143760, 0x00007f32ed143918]
Event: 5,833 Thread 0x00007f32f0093800  495             com.android.dx.io.instructions.ThreeRegisterDecodedInstruction::getRegisterCount (2 bytes)
Event: 5,833 Thread 0x00007f32f0093800 nmethod 495 0x00007f32ed143410 code [0x00007f32ed143540, 0x00007f32ed143598]
Event: 5,833 Thread 0x00007f32f0093800  496             com.android.dx.io.instructions.InstructionCodec$16::decode (58 bytes)
Event: 5,836 Thread 0x00007f32f0093800 nmethod 496 0x00007f32ed142f10 code [0x00007f32ed143060, 0x00007f32ed143258]
Event: 5,836 Thread 0x00007f32f0093800  497             com.android.dx.io.instructions.InstructionCodec$16::encode (37 bytes)
Event: 5,839 Thread 0x00007f32f0093800 nmethod 497 0x00007f32ed142810 code [0x00007f32ed142980, 0x00007f32ed142bb8]

GC Heap History (9 events):
Event: 2,644 GC heap before
{Heap before GC invocations=1 (full 0):
 PSYoungGen      total 18432K, used 15872K [0x00000000eaa80000, 0x00000000ebf00000, 0x0000000100000000)
  eden space 15872K, 100% used [0x00000000eaa80000,0x00000000eba00000,0x00000000eba00000)
  from space 2560K, 0% used [0x00000000ebc80000,0x00000000ebc80000,0x00000000ebf00000)
  to   space 2560K, 0% used [0x00000000eba00000,0x00000000eba00000,0x00000000ebc80000)
 ParOldGen       total 41472K, used 0K [0x00000000c0000000, 0x00000000c2880000, 0x00000000eaa80000)
  object space 41472K, 0% used [0x00000000c0000000,0x00000000c0000000,0x00000000c2880000)
 PSPermGen       total 21504K, used 5084K [0x00000000bae00000, 0x00000000bc300000, 0x00000000c0000000)
  object space 21504K, 23% used [0x00000000bae00000,0x00000000bb2f7210,0x00000000bc300000)
Event: 2,668 GC heap after
Heap after GC invocations=1 (full 0):
 PSYoungGen      total 18432K, used 2532K [0x00000000eaa80000, 0x00000000ece80000, 0x0000000100000000)
  eden space 15872K, 0% used [0x00000000eaa80000,0x00000000eaa80000,0x00000000eba00000)
  from space 2560K, 98% used [0x00000000eba00000,0x00000000ebc79258,0x00000000ebc80000)
  to   space 2560K, 0% used [0x00000000ecc00000,0x00000000ecc00000,0x00000000ece80000)
 ParOldGen       total 41472K, used 2298K [0x00000000c0000000, 0x00000000c2880000, 0x00000000eaa80000)
  object space 41472K, 5% used [0x00000000c0000000,0x00000000c023eb60,0x00000000c2880000)
 PSPermGen       total 21504K, used 5084K [0x00000000bae00000, 0x00000000bc300000, 0x00000000c0000000)
  object space 21504K, 23% used [0x00000000bae00000,0x00000000bb2f7210,0x00000000bc300000)
}
Event: 3,460 GC heap before
{Heap before GC invocations=2 (full 0):
 PSYoungGen      total 18432K, used 18404K [0x00000000eaa80000, 0x00000000ece80000, 0x0000000100000000)
  eden space 15872K, 100% used [0x00000000eaa80000,0x00000000eba00000,0x00000000eba00000)
  from space 2560K, 98% used [0x00000000eba00000,0x00000000ebc79258,0x00000000ebc80000)
  to   space 2560K, 0% used [0x00000000ecc00000,0x00000000ecc00000,0x00000000ece80000)
 ParOldGen       total 41472K, used 2298K [0x00000000c0000000, 0x00000000c2880000, 0x00000000eaa80000)
  object space 41472K, 5% used [0x00000000c0000000,0x00000000c023eb60,0x00000000c2880000)
 PSPermGen       total 21504K, used 5976K [0x00000000bae00000, 0x00000000bc300000, 0x00000000c0000000)
  object space 21504K, 27% used [0x00000000bae00000,0x00000000bb3d6090,0x00000000bc300000)
Event: 3,479 GC heap after
Heap after GC invocations=2 (full 0):
 PSYoungGen      total 34304K, used 2540K [0x00000000eaa80000, 0x00000000ece80000, 0x0000000100000000)
  eden space 31744K, 0% used [0x00000000eaa80000,0x00000000eaa80000,0x00000000ec980000)
  from space 2560K, 99% used [0x00000000ecc00000,0x00000000ece7b1a0,0x00000000ece80000)
  to   space 2560K, 0% used [0x00000000ec980000,0x00000000ec980000,0x00000000ecc00000)
 ParOldGen       total 41472K, used 6417K [0x00000000c0000000, 0x00000000c2880000, 0x00000000eaa80000)
  object space 41472K, 15% used [0x00000000c0000000,0x00000000c0644618,0x00000000c2880000)
 PSPermGen       total 21504K, used 5976K [0x00000000bae00000, 0x00000000bc300000, 0x00000000c0000000)
  object space 21504K, 27% used [0x00000000bae00000,0x00000000bb3d6090,0x00000000bc300000)
}
Event: 4,567 GC heap before
{Heap before GC invocations=3 (full 0):
 PSYoungGen      total 34304K, used 34284K [0x00000000eaa80000, 0x00000000ece80000, 0x0000000100000000)
  eden space 31744K, 100% used [0x00000000eaa80000,0x00000000ec980000,0x00000000ec980000)
  from space 2560K, 99% used [0x00000000ecc00000,0x00000000ece7b1a0,0x00000000ece80000)
  to   space 2560K, 0% used [0x00000000ec980000,0x00000000ec980000,0x00000000ecc00000)
 ParOldGen       total 41472K, used 6417K [0x00000000c0000000, 0x00000000c2880000, 0x00000000eaa80000)
  object space 41472K, 15% used [0x00000000c0000000,0x00000000c0644618,0x00000000c2880000)
 PSPermGen       total 21504K, used 6796K [0x00000000bae00000, 0x00000000bc300000, 0x00000000c0000000)
  object space 21504K, 31% used [0x00000000bae00000,0x00000000bb4a3368,0x00000000bc300000)
Event: 4,590 GC heap after
Heap after GC invocations=3 (full 0):
 PSYoungGen      total 34304K, used 2548K [0x00000000eaa80000, 0x00000000eed80000, 0x0000000100000000)
  eden space 31744K, 0% used [0x00000000eaa80000,0x00000000eaa80000,0x00000000ec980000)
  from space 2560K, 99% used [0x00000000ec980000,0x00000000ecbfd048,0x00000000ecc00000)
  to   space 2560K, 0% used [0x00000000eeb00000,0x00000000eeb00000,0x00000000eed80000)
 ParOldGen       total 41472K, used 10845K [0x00000000c0000000, 0x00000000c2880000, 0x00000000eaa80000)
  object space 41472K, 26% used [0x00000000c0000000,0x00000000c0a976f8,0x00000000c2880000)
 PSPermGen       total 21504K, used 6796K [0x00000000bae00000, 0x00000000bc300000, 0x00000000c0000000)
  object space 21504K, 31% used [0x00000000bae00000,0x00000000bb4a3368,0x00000000bc300000)
}
Event: 5,222 GC heap before
{Heap before GC invocations=4 (full 0):
 PSYoungGen      total 34304K, used 34292K [0x00000000eaa80000, 0x00000000eed80000, 0x0000000100000000)
  eden space 31744K, 100% used [0x00000000eaa80000,0x00000000ec980000,0x00000000ec980000)
  from space 2560K, 99% used [0x00000000ec980000,0x00000000ecbfd048,0x00000000ecc00000)
  to   space 2560K, 0% used [0x00000000eeb00000,0x00000000eeb00000,0x00000000eed80000)
 ParOldGen       total 41472K, used 10845K [0x00000000c0000000, 0x00000000c2880000, 0x00000000eaa80000)
  object space 41472K, 26% used [0x00000000c0000000,0x00000000c0a976f8,0x00000000c2880000)
 PSPermGen       total 21504K, used 6826K [0x00000000bae00000, 0x00000000bc300000, 0x00000000c0000000)
  object space 21504K, 31% used [0x00000000bae00000,0x00000000bb4aa9c0,0x00000000bc300000)
Event: 5,309 GC heap after
Heap after GC invocations=4 (full 0):
 PSYoungGen      total 66048K, used 2537K [0x00000000eaa80000, 0x00000000eed80000, 0x0000000100000000)
  eden space 63488K, 0% used [0x00000000eaa80000,0x00000000eaa80000,0x00000000ee880000)
  from space 2560K, 99% used [0x00000000eeb00000,0x00000000eed7a738,0x00000000eed80000)
  to   space 2560K, 0% used [0x00000000ee880000,0x00000000ee880000,0x00000000eeb00000)
 ParOldGen       total 41472K, used 15263K [0x00000000c0000000, 0x00000000c2880000, 0x00000000eaa80000)
  object space 41472K, 36% used [0x00000000c0000000,0x00000000c0ee7fe8,0x00000000c2880000)
 PSPermGen       total 21504K, used 6826K [0x00000000bae00000, 0x00000000bc300000, 0x00000000c0000000)
  object space 21504K, 31% used [0x00000000bae00000,0x00000000bb4aa9c0,0x00000000bc300000)
}
Event: 5,845 GC heap before
{Heap before GC invocations=5 (full 0):
 PSYoungGen      total 66048K, used 66025K [0x00000000eaa80000, 0x00000000eed80000, 0x0000000100000000)
  eden space 63488K, 100% used [0x00000000eaa80000,0x00000000ee880000,0x00000000ee880000)
  from space 2560K, 99% used [0x00000000eeb00000,0x00000000eed7a738,0x00000000eed80000)
  to   space 2560K, 0% used [0x00000000ee880000,0x00000000ee880000,0x00000000eeb00000)
 ParOldGen       total 41472K, used 15263K [0x00000000c0000000, 0x00000000c2880000, 0x00000000eaa80000)
  object space 41472K, 36% used [0x00000000c0000000,0x00000000c0ee7fe8,0x00000000c2880000)
 PSPermGen       total 21504K, used 6842K [0x00000000bae00000, 0x00000000bc300000, 0x00000000c0000000)
  object space 21504K, 31% used [0x00000000bae00000,0x00000000bb4ae8c8,0x00000000bc300000)

Deoptimization events (10 events):
Event: 3,828 Thread 0x00007f32f000a800 Uncommon trap: reason=class_check action=maybe_recompile pc=0x00007f32ed0ae484 method=com.android.dex.Leb128.readUnsignedLeb128(Lcom/android/dex/util/ByteInput;)I @ 5
Event: 3,828 Thread 0x00007f32f000a800 Uncommon trap: reason=class_check action=maybe_recompile pc=0x00007f32ed0ae484 method=com.android.dex.Leb128.readUnsignedLeb128(Lcom/android/dex/util/ByteInput;)I @ 5
Event: 3,828 Thread 0x00007f32f000a800 Uncommon trap: reason=class_check action=maybe_recompile pc=0x00007f32ed0ae484 method=com.android.dex.Leb128.readUnsignedLeb128(Lcom/android/dex/util/ByteInput;)I @ 5
Event: 4,006 Thread 0x00007f32f000a800 Uncommon trap: reason=predicate action=maybe_recompile pc=0x00007f32ed0bbd90 method=com.android.dex.Leb128.readUnsignedLeb128(Lcom/android/dex/util/ByteInput;)I @ 41
Event: 5,350 Thread 0x00007f32f000a800 Uncommon trap: reason=predicate action=maybe_recompile pc=0x00007f32ed108a6c method=java.util.ComparableTimSort.binarySort([Ljava/lang/Object;III)V @ 37
Event: 5,409 Thread 0x00007f32f000a800 Uncommon trap: reason=predicate action=maybe_recompile pc=0x00007f32ed106e58 method=java.util.TimSort.binarySort([Ljava/lang/Object;IIILjava/util/Comparator;)V @ 37
Event: 5,655 Thread 0x00007f32f000a800 Uncommon trap: reason=array_check action=maybe_recompile pc=0x00007f32ed136f88 method=java.util.TimSort.binarySort([Ljava/lang/Object;IIILjava/util/Comparator;)V @ 193
Event: 5,655 Thread 0x00007f32f000a800 Uncommon trap: reason=array_check action=maybe_recompile pc=0x00007f32ed136f88 method=java.util.TimSort.binarySort([Ljava/lang/Object;IIILjava/util/Comparator;)V @ 193
Event: 5,655 Thread 0x00007f32f000a800 Uncommon trap: reason=array_check action=maybe_recompile pc=0x00007f32ed136f88 method=java.util.TimSort.binarySort([Ljava/lang/Object;IIILjava/util/Comparator;)V @ 193
Event: 5,655 Thread 0x00007f32f000a800 Uncommon trap: reason=array_check action=maybe_recompile pc=0x00007f32ed136f88 method=java.util.TimSort.binarySort([Ljava/lang/Object;IIILjava/util/Comparator;)V @ 193

Internal exceptions (10 events):
Event: 3,681 Thread 0x00007f32f000a800 Threw 0x00000000eacd3eb8 at /HUDSON/workspace/7u-2-build-linux-amd64/jdk7u79/2331/hotspot/src/share/vm/prims/jvm.cpp:1304
Event: 3,681 Thread 0x00007f32f000a800 Threw 0x00000000eacd7090 at /HUDSON/workspace/7u-2-build-linux-amd64/jdk7u79/2331/hotspot/src/share/vm/prims/jvm.cpp:1304
Event: 3,681 Thread 0x00007f32f000a800 Threw 0x00000000eacda3b8 at /HUDSON/workspace/7u-2-build-linux-amd64/jdk7u79/2331/hotspot/src/share/vm/prims/jvm.cpp:1304
Event: 3,684 Thread 0x00007f32f000a800 Threw 0x00000000eacdf598 at /HUDSON/workspace/7u-2-build-linux-amd64/jdk7u79/2331/hotspot/src/share/vm/prims/jvm.cpp:1304
Event: 3,685 Thread 0x00007f32f000a800 Threw 0x00000000eace22d0 at /HUDSON/workspace/7u-2-build-linux-amd64/jdk7u79/2331/hotspot/src/share/vm/prims/jvm.cpp:1304
Event: 3,686 Thread 0x00007f32f000a800 Threw 0x00000000eace51c8 at /HUDSON/workspace/7u-2-build-linux-amd64/jdk7u79/2331/hotspot/src/share/vm/prims/jvm.cpp:1304
Event: 3,686 Thread 0x00007f32f000a800 Threw 0x00000000eace84d8 at /HUDSON/workspace/7u-2-build-linux-amd64/jdk7u79/2331/hotspot/src/share/vm/prims/jvm.cpp:1304
Event: 3,690 Thread 0x00007f32f000a800 Threw 0x00000000eacef850 at /HUDSON/workspace/7u-2-build-linux-amd64/jdk7u79/2331/hotspot/src/share/vm/prims/jvm.cpp:1304
Event: 3,690 Thread 0x00007f32f000a800 Threw 0x00000000eacf18a8 at /HUDSON/workspace/7u-2-build-linux-amd64/jdk7u79/2331/hotspot/src/share/vm/prims/jvm.cpp:1304
Event: 4,369 Thread 0x00007f32f000a800 Threw 0x00000000ebdb2e40 at /HUDSON/workspace/7u-2-build-linux-amd64/jdk7u79/2331/hotspot/src/share/vm/prims/jvm.cpp:1304

Events (10 events):
Event: 5,655 Thread 0x00007f32f000a800 Uncommon trap: trap_request=0xffffffd6 fr.pc=0x00007f32ed136f88
Event: 5,655 Thread 0x00007f32f000a800 DEOPT PACKING pc=0x00007f32ed136f88 sp=0x00007f32f6f19460
Event: 5,655 Thread 0x00007f32f000a800 DEOPT UNPACKING pc=0x00007f32ed039045 sp=0x00007f32f6f19428 mode 2
Event: 5,655 Thread 0x00007f32f000a800 Uncommon trap: trap_request=0xffffffd6 fr.pc=0x00007f32ed136f88
Event: 5,655 Thread 0x00007f32f000a800 DEOPT PACKING pc=0x00007f32ed136f88 sp=0x00007f32f6f19460
Event: 5,655 Thread 0x00007f32f000a800 DEOPT UNPACKING pc=0x00007f32ed039045 sp=0x00007f32f6f19428 mode 2
Event: 5,655 Thread 0x00007f32f000a800 Uncommon trap: trap_request=0xffffffd6 fr.pc=0x00007f32ed136f88
Event: 5,655 Thread 0x00007f32f000a800 DEOPT PACKING pc=0x00007f32ed136f88 sp=0x00007f32f6f19460
Event: 5,655 Thread 0x00007f32f000a800 DEOPT UNPACKING pc=0x00007f32ed039045 sp=0x00007f32f6f19428 mode 2
Event: 5,845 Executing VM operation: ParallelGCFailedAllocation


Dynamic libraries:
00400000-00401000 r-xp 00000000 00:1a 138257                             /home/sulf/Programs/jdk1.7.0_79/bin/java
00600000-00601000 rw-p 00000000 00:1a 138257                             /home/sulf/Programs/jdk1.7.0_79/bin/java
0227c000-0229d000 rw-p 00000000 00:00 0                                  [heap]
bae00000-bc300000 rw-p 00000000 00:00 0 
bc300000-c0000000 rw-p 00000000 00:00 0 
c0000000-c2880000 rw-p 00000000 00:00 0 
c2880000-eaa80000 rw-p 00000000 00:00 0 
eaa80000-eed80000 rw-p 00000000 00:00 0 
f4280000-100000000 rw-p 00000000 00:00 0 
7f32a8000000-7f32a8021000 rw-p 00000000 00:00 0 
7f32a8021000-7f32ac000000 ---p 00000000 00:00 0 
7f32b0000000-7f32b0021000 rw-p 00000000 00:00 0 
7f32b0021000-7f32b4000000 ---p 00000000 00:00 0 
7f32b4000000-7f32b4041000 rw-p 00000000 00:00 0 
7f32b4041000-7f32b8000000 ---p 00000000 00:00 0 
7f32b8000000-7f32b8021000 rw-p 00000000 00:00 0 
7f32b8021000-7f32bc000000 ---p 00000000 00:00 0 
7f32bc000000-7f32bc021000 rw-p 00000000 00:00 0 
7f32bc021000-7f32c0000000 ---p 00000000 00:00 0 
7f32c0000000-7f32c061c000 rw-p 00000000 00:00 0 
7f32c061c000-7f32c4000000 ---p 00000000 00:00 0 
7f32c4000000-7f32c4021000 rw-p 00000000 00:00 0 
7f32c4021000-7f32c8000000 ---p 00000000 00:00 0 
7f32c8000000-7f32c8021000 rw-p 00000000 00:00 0 
7f32c8021000-7f32cc000000 ---p 00000000 00:00 0 
7f32cc000000-7f32cc92c000 rw-p 00000000 00:00 0 
7f32cc92c000-7f32d0000000 ---p 00000000 00:00 0 
7f32d0000000-7f32d0021000 rw-p 00000000 00:00 0 
7f32d0021000-7f32d4000000 ---p 00000000 00:00 0 
7f32d4000000-7f32d4021000 rw-p 00000000 00:00 0 
7f32d4021000-7f32d8000000 ---p 00000000 00:00 0 
7f32d8000000-7f32d80e2000 rw-p 00000000 00:00 0 
7f32d80e2000-7f32dc000000 ---p 00000000 00:00 0 
7f32ddd70000-7f32e0000000 rw-p 00000000 00:00 0 
7f32e0000000-7f32e0021000 rw-p 00000000 00:00 0 
7f32e0021000-7f32e4000000 ---p 00000000 00:00 0 
7f32e6147000-7f32e62b4000 rw-p 00000000 00:00 0 
7f32e62b4000-7f32e62ca000 r-xp 00000000 00:1a 270500                     /home/sulf/Programs/jdk1.7.0_79/jre/lib/amd64/libnet.so
7f32e62ca000-7f32e64ca000 ---p 00016000 00:1a 270500                     /home/sulf/Programs/jdk1.7.0_79/jre/lib/amd64/libnet.so
7f32e64ca000-7f32e64cb000 rw-p 00016000 00:1a 270500                     /home/sulf/Programs/jdk1.7.0_79/jre/lib/amd64/libnet.so
7f32e64cb000-7f32e64db000 r-xp 00000000 00:1a 270466                     /home/sulf/Programs/jdk1.7.0_79/jre/lib/amd64/libnio.so
7f32e64db000-7f32e66db000 ---p 00010000 00:1a 270466                     /home/sulf/Programs/jdk1.7.0_79/jre/lib/amd64/libnio.so
7f32e66db000-7f32e66dc000 rw-p 00010000 00:1a 270466                     /home/sulf/Programs/jdk1.7.0_79/jre/lib/amd64/libnio.so
7f32e66dc000-7f32e66df000 ---p 00000000 00:00 0 
7f32e66df000-7f32e67dd000 rw-p 00000000 00:00 0 
7f32e67dd000-7f32e67e0000 ---p 00000000 00:00 0 
7f32e67e0000-7f32e68de000 rw-p 00000000 00:00 0 
7f32e68de000-7f32e68e1000 ---p 00000000 00:00 0 
7f32e68e1000-7f32e69df000 rw-p 00000000 00:00 0 
7f32e69df000-7f32e69e2000 ---p 00000000 00:00 0 
7f32e69e2000-7f32e6ae0000 rw-p 00000000 00:00 0 
7f32e6ae0000-7f32e6ae3000 ---p 00000000 00:00 0 
7f32e6ae3000-7f32e6be1000 rw-p 00000000 00:00 0 
7f32e6be1000-7f32e6be2000 ---p 00000000 00:00 0 
7f32e6be2000-7f32e6ce2000 rw-p 00000000 00:00 0                          [stack:11433]
7f32e6ce2000-7f32e6ce5000 ---p 00000000 00:00 0 
7f32e6ce5000-7f32e6de3000 rw-p 00000000 00:00 0                          [stack:11432]
7f32e6de3000-7f32e6de6000 ---p 00000000 00:00 0 
7f32e6de6000-7f32e6ee4000 rw-p 00000000 00:00 0                          [stack:11431]
7f32e6ee4000-7f32e6ee7000 ---p 00000000 00:00 0 
7f32e6ee7000-7f32e6fe5000 rw-p 00000000 00:00 0                          [stack:11430]
7f32e6fe5000-7f32e6fe8000 ---p 00000000 00:00 0 
7f32e6fe8000-7f32e70e6000 rw-p 00000000 00:00 0                          [stack:11429]
7f32e70e6000-7f32e78f9000 r--p 00000000 08:08 1319188                    /usr/lib/locale/locale-archive
7f32e78f9000-7f32e78fc000 ---p 00000000 00:00 0 
7f32e78fc000-7f32e79fa000 rw-p 00000000 00:00 0                          [stack:11428]
7f32e79fa000-7f32e79fd000 ---p 00000000 00:00 0 
7f32e79fd000-7f32e7afb000 rw-p 00000000 00:00 0                          [stack:11427]
7f32e7afb000-7f32e7afc000 ---p 00000000 00:00 0 
7f32e7afc000-7f32e8000000 rw-p 00000000 00:00 0                          [stack:11426]
7f32e8000000-7f32e8021000 rw-p 00000000 00:00 0 
7f32e8021000-7f32ec000000 ---p 00000000 00:00 0 
7f32ec0b7000-7f32ec61f000 rw-p 00000000 00:00 0 
7f32ec61f000-7f32ec7df000 r--s 039f7000 00:1a 270570                     /home/sulf/Programs/jdk1.7.0_79/jre/lib/rt.jar
7f32ec7df000-7f32eca7e000 rw-p 00000000 00:00 0 
7f32eca7e000-7f32eca7f000 ---p 00000000 00:00 0 
7f32eca7f000-7f32ecb7f000 rw-p 00000000 00:00 0                          [stack:11425]
7f32ecb7f000-7f32ecb80000 ---p 00000000 00:00 0 
7f32ecb80000-7f32ecc95000 rw-p 00000000 00:00 0                          [stack:11424]
7f32ecc95000-7f32ecdd6000 rw-p 00000000 00:00 0 
7f32ecdd6000-7f32ecde1000 rw-p 00000000 00:00 0 
7f32ecde1000-7f32ecdff000 rw-p 00000000 00:00 0 
7f32ecdff000-7f32ece14000 rw-p 00000000 00:00 0 
7f32ece14000-7f32ecf54000 rw-p 00000000 00:00 0 
7f32ecf54000-7f32ecf76000 rw-p 00000000 00:00 0 
7f32ecf76000-7f32ecfff000 rw-p 00000000 00:00 0 
7f32ecfff000-7f32ed000000 rw-p 00000000 00:00 0 
7f32ed000000-7f32ed270000 rwxp 00000000 00:00 0 
7f32ed270000-7f32f01d7000 rw-p 00000000 00:00 0 
7f32f01d7000-7f32f4000000 ---p 00000000 00:00 0 
7f32f400e000-7f32f40e7000 rw-p 00000000 00:00 0 
7f32f40e7000-7f32f4105000 rw-p 00000000 00:00 0 
7f32f4105000-7f32f411f000 r-xp 00000000 00:1a 270495                     /home/sulf/Programs/jdk1.7.0_79/jre/lib/amd64/libzip.so
7f32f411f000-7f32f431f000 ---p 0001a000 00:1a 270495                     /home/sulf/Programs/jdk1.7.0_79/jre/lib/amd64/libzip.so
7f32f431f000-7f32f4320000 rw-p 0001a000 00:1a 270495                     /home/sulf/Programs/jdk1.7.0_79/jre/lib/amd64/libzip.so
7f32f4320000-7f32f432b000 r-xp 00000000 08:08 790982                     /lib/x86_64-linux-gnu/libnss_files-2.19.so
7f32f432b000-7f32f452a000 ---p 0000b000 08:08 790982                     /lib/x86_64-linux-gnu/libnss_files-2.19.so
7f32f452a000-7f32f452b000 r--p 0000a000 08:08 790982                     /lib/x86_64-linux-gnu/libnss_files-2.19.so
7f32f452b000-7f32f452c000 rw-p 0000b000 08:08 790982                     /lib/x86_64-linux-gnu/libnss_files-2.19.so
7f32f452c000-7f32f4537000 r-xp 00000000 08:08 790992                     /lib/x86_64-linux-gnu/libnss_nis-2.19.so
7f32f4537000-7f32f4736000 ---p 0000b000 08:08 790992                     /lib/x86_64-linux-gnu/libnss_nis-2.19.so
7f32f4736000-7f32f4737000 r--p 0000a000 08:08 790992                     /lib/x86_64-linux-gnu/libnss_nis-2.19.so
7f32f4737000-7f32f4738000 rw-p 0000b000 08:08 790992                     /lib/x86_64-linux-gnu/libnss_nis-2.19.so
7f32f4738000-7f32f474f000 r-xp 00000000 08:08 790976                     /lib/x86_64-linux-gnu/libnsl-2.19.so
7f32f474f000-7f32f494e000 ---p 00017000 08:08 790976                     /lib/x86_64-linux-gnu/libnsl-2.19.so
7f32f494e000-7f32f494f000 r--p 00016000 08:08 790976                     /lib/x86_64-linux-gnu/libnsl-2.19.so
7f32f494f000-7f32f4950000 rw-p 00017000 08:08 790976                     /lib/x86_64-linux-gnu/libnsl-2.19.so
7f32f4950000-7f32f4952000 rw-p 00000000 00:00 0 
7f32f4952000-7f32f495b000 r-xp 00000000 08:08 790978                     /lib/x86_64-linux-gnu/libnss_compat-2.19.so
7f32f495b000-7f32f4b5a000 ---p 00009000 08:08 790978                     /lib/x86_64-linux-gnu/libnss_compat-2.19.so
7f32f4b5a000-7f32f4b5b000 r--p 00008000 08:08 790978                     /lib/x86_64-linux-gnu/libnss_compat-2.19.so
7f32f4b5b000-7f32f4b5c000 rw-p 00009000 08:08 790978                     /lib/x86_64-linux-gnu/libnss_compat-2.19.so
7f32f4b5c000-7f32f4b85000 r-xp 00000000 00:1a 270461                     /home/sulf/Programs/jdk1.7.0_79/jre/lib/amd64/libjava.so
7f32f4b85000-7f32f4d85000 ---p 00029000 00:1a 270461                     /home/sulf/Programs/jdk1.7.0_79/jre/lib/amd64/libjava.so
7f32f4d85000-7f32f4d87000 rw-p 00029000 00:1a 270461                     /home/sulf/Programs/jdk1.7.0_79/jre/lib/amd64/libjava.so
7f32f4d87000-7f32f4d94000 r-xp 00000000 00:1a 270488                     /home/sulf/Programs/jdk1.7.0_79/jre/lib/amd64/libverify.so
7f32f4d94000-7f32f4f93000 ---p 0000d000 00:1a 270488                     /home/sulf/Programs/jdk1.7.0_79/jre/lib/amd64/libverify.so
7f32f4f93000-7f32f4f95000 rw-p 0000c000 00:1a 270488                     /home/sulf/Programs/jdk1.7.0_79/jre/lib/amd64/libverify.so
7f32f4f95000-7f32f4f9c000 r-xp 00000000 08:08 791035                     /lib/x86_64-linux-gnu/librt-2.19.so
7f32f4f9c000-7f32f519b000 ---p 00007000 08:08 791035                     /lib/x86_64-linux-gnu/librt-2.19.so
7f32f519b000-7f32f519c000 r--p 00006000 08:08 791035                     /lib/x86_64-linux-gnu/librt-2.19.so
7f32f519c000-7f32f519d000 rw-p 00007000 08:08 791035                     /lib/x86_64-linux-gnu/librt-2.19.so
7f32f519d000-7f32f52a2000 r-xp 00000000 08:08 790957                     /lib/x86_64-linux-gnu/libm-2.19.so
7f32f52a2000-7f32f54a1000 ---p 00105000 08:08 790957                     /lib/x86_64-linux-gnu/libm-2.19.so
7f32f54a1000-7f32f54a2000 r--p 00104000 08:08 790957                     /lib/x86_64-linux-gnu/libm-2.19.so
7f32f54a2000-7f32f54a3000 rw-p 00105000 08:08 790957                     /lib/x86_64-linux-gnu/libm-2.19.so
7f32f54a3000-7f32f6018000 r-xp 00000000 00:1a 270515                     /home/sulf/Programs/jdk1.7.0_79/jre/lib/amd64/server/libjvm.so
7f32f6018000-7f32f6218000 ---p 00b75000 00:1a 270515                     /home/sulf/Programs/jdk1.7.0_79/jre/lib/amd64/server/libjvm.so
7f32f6218000-7f32f62dc000 rw-p 00b75000 00:1a 270515                     /home/sulf/Programs/jdk1.7.0_79/jre/lib/amd64/server/libjvm.so
7f32f62dc000-7f32f631d000 rw-p 00000000 00:00 0 
7f32f631d000-7f32f64d8000 r-xp 00000000 08:08 790907                     /lib/x86_64-linux-gnu/libc-2.19.so
7f32f64d8000-7f32f66d7000 ---p 001bb000 08:08 790907                     /lib/x86_64-linux-gnu/libc-2.19.so
7f32f66d7000-7f32f66db000 r--p 001ba000 08:08 790907                     /lib/x86_64-linux-gnu/libc-2.19.so
7f32f66db000-7f32f66dd000 rw-p 001be000 08:08 790907                     /lib/x86_64-linux-gnu/libc-2.19.so
7f32f66dd000-7f32f66e2000 rw-p 00000000 00:00 0 
7f32f66e2000-7f32f66e5000 r-xp 00000000 08:08 790924                     /lib/x86_64-linux-gnu/libdl-2.19.so
7f32f66e5000-7f32f68e4000 ---p 00003000 08:08 790924                     /lib/x86_64-linux-gnu/libdl-2.19.so
7f32f68e4000-7f32f68e5000 r--p 00002000 08:08 790924                     /lib/x86_64-linux-gnu/libdl-2.19.so
7f32f68e5000-7f32f68e6000 rw-p 00003000 08:08 790924                     /lib/x86_64-linux-gnu/libdl-2.19.so
7f32f68e6000-7f32f68fc000 r-xp 00000000 00:1a 137435                     /home/sulf/Programs/jdk1.7.0_79/lib/amd64/jli/libjli.so
7f32f68fc000-7f32f6afc000 ---p 00016000 00:1a 137435                     /home/sulf/Programs/jdk1.7.0_79/lib/amd64/jli/libjli.so
7f32f6afc000-7f32f6afd000 rw-p 00016000 00:1a 137435                     /home/sulf/Programs/jdk1.7.0_79/lib/amd64/jli/libjli.so
7f32f6afd000-7f32f6b16000 r-xp 00000000 08:08 791027                     /lib/x86_64-linux-gnu/libpthread-2.19.so
7f32f6b16000-7f32f6d15000 ---p 00019000 08:08 791027                     /lib/x86_64-linux-gnu/libpthread-2.19.so
7f32f6d15000-7f32f6d16000 r--p 00018000 08:08 791027                     /lib/x86_64-linux-gnu/libpthread-2.19.so
7f32f6d16000-7f32f6d17000 rw-p 00019000 08:08 791027                     /lib/x86_64-linux-gnu/libpthread-2.19.so
7f32f6d17000-7f32f6d1b000 rw-p 00000000 00:00 0 
7f32f6d1b000-7f32f6d3e000 r-xp 00000000 08:08 790883                     /lib/x86_64-linux-gnu/ld-2.19.so
7f32f6d40000-7f32f6d44000 r--s 0008b000 00:1a 270565                     /home/sulf/Programs/jdk1.7.0_79/jre/lib/jsse.jar
7f32f6d44000-7f32f6d64000 rw-p 00000000 00:00 0 
7f32f6d64000-7f32f6e1a000 rw-p 00000000 00:00 0 
7f32f6e1a000-7f32f6e1d000 ---p 00000000 00:00 0 
7f32f6e1d000-7f32f6f1f000 rw-p 00000000 00:00 0                          [stack:11423]
7f32f6f21000-7f32f6f22000 rw-p 00000000 00:00 0 
7f32f6f22000-7f32f6f31000 r--s 000df000 00:1a 932461                     /home/sulf/Android/Sdk/build-tools/23.0.1/lib/dx.jar
7f32f6f31000-7f32f6f39000 rw-s 00000000 08:08 1070770                    /tmp/hsperfdata_sulf/11417
7f32f6f39000-7f32f6f3a000 rw-p 00000000 00:00 0 
7f32f6f3a000-7f32f6f3b000 ---p 00000000 00:00 0 
7f32f6f3b000-7f32f6f3d000 rw-p 00000000 00:00 0 
7f32f6f3d000-7f32f6f3e000 r--p 00022000 08:08 790883                     /lib/x86_64-linux-gnu/ld-2.19.so
7f32f6f3e000-7f32f6f3f000 rw-p 00023000 08:08 790883                     /lib/x86_64-linux-gnu/ld-2.19.so
7f32f6f3f000-7f32f6f40000 rw-p 00000000 00:00 0 
7fff03cd6000-7fff03cf8000 rw-p 00000000 00:00 0                          [stack]
7fff03de5000-7fff03de7000 r--p 00000000 00:00 0                          [vvar]
7fff03de7000-7fff03de9000 r-xp 00000000 00:00 0                          [vdso]
ffffffffff600000-ffffffffff601000 r-xp 00000000 00:00 0                  [vsyscall]

VM Arguments:
jvm_args: -Xmx1024M -Dfile.encoding=UTF-8 -Duser.country=US -Duser.language=en -Duser.variant 
java_command: com.android.dx.command.Main --dex --num-threads=4 --output /home/sulf/Documents/Hacktory#2/app/build/intermediates/dex/debug /home/sulf/Documents/Hacktory#2/app/build/intermediates/classes/debug /home/sulf/Documents/Hacktory#2/app/build/intermediates/pre-dexed/debug/support-annotations-23.1.0-f29aedbac53570b365544dd31499119ef41f2026.jar /home/sulf/Documents/Hacktory#2/app/build/intermediates/pre-dexed/debug/okio-1.6.0-fd4631654f755252c7d8d86fc4932564849f802e.jar /home/sulf/Documents/Hacktory#2/app/build/intermediates/pre-dexed/debug/classes-fd7796d1206e8c3a6ef6d5a39de5332dfbf1551d.jar /home/sulf/Documents/Hacktory#2/app/build/intermediates/pre-dexed/debug/internal_impl-23.1.0-d2f53f37b40546631cdf99ecf3577b79724b7a46.jar /home/sulf/Documents/Hacktory#2/app/build/intermediates/pre-dexed/debug/classes-3e734e371a324d813621cae74239ee046ab854d5.jar /home/sulf/Documents/Hacktory#2/app/build/intermediates/pre-dexed/debug/okhttp-2.5.0-ce6ca9a411cc147bed24cedfafa12dca5acbf512.jar /home/sulf/Documents/Hacktory#2/app/build/intermediates/pre-dexed/debug/classes-b64b3ac9fc93f2139aca328b9afc3e4df98b408e.jar /home/sulf/Documents/Hacktory#2/app/build/intermediates/pre-dexed/debug/classes-560a7c7f6cf6954444611f2e394acba2696e7066.jar /home/sulf/Documents/Hacktory#2/app/build/intermediates/pre-dexed/debug/classes-ae13253f84110a7f1e2cf34bb8781576adf5dd23.jar
Launcher Type: SUN_STANDARD

Environment Variables:
JAVA_HOME=/home/sulf/Programs/jdk1.7.0_79
PATH=/usr/local/sbin:/usr/local/bin:/usr/sbin:/usr/bin:/sbin:/bin:/usr/games:/usr/local/games:/home/sulf/Programs/android-studio/bin:/home/sulf/Programs/idea-IC-143.381.42/bin:/home/sulf/Programs/jdk1.7.0_79
LD_LIBRARY_PATH=/home/sulf/Programs/android-studio/bin:
SHELL=/bin/bash
DISPLAY=:0

Signal Handlers:
SIGSEGV: [libjvm.so+0x9a3bf0], sa_mask[0]=0x7ffbfeff, sa_flags=0x10000004
SIGBUS: [libjvm.so+0x9a3bf0], sa_mask[0]=0x7ffbfeff, sa_flags=0x10000004
SIGFPE: [libjvm.so+0x81cb60], sa_mask[0]=0x7ffbfeff, sa_flags=0x10000004
SIGPIPE: [libjvm.so+0x81cb60], sa_mask[0]=0x7ffbfeff, sa_flags=0x10000004
SIGXFSZ: [libjvm.so+0x81cb60], sa_mask[0]=0x7ffbfeff, sa_flags=0x10000004
SIGILL: [libjvm.so+0x81cb60], sa_mask[0]=0x7ffbfeff, sa_flags=0x10000004
SIGUSR1: SIG_DFL, sa_mask[0]=0x00000000, sa_flags=0x00000000
SIGUSR2: [libjvm.so+0x81e360], sa_mask[0]=0x00000004, sa_flags=0x10000004
SIGHUP: [libjvm.so+0x81f480], sa_mask[0]=0x7ffbfeff, sa_flags=0x10000004
SIGINT: [libjvm.so+0x81f480], sa_mask[0]=0x7ffbfeff, sa_flags=0x10000004
SIGTERM: [libjvm.so+0x81f480], sa_mask[0]=0x7ffbfeff, sa_flags=0x10000004
SIGQUIT: [libjvm.so+0x81f480], sa_mask[0]=0x7ffbfeff, sa_flags=0x10000004


---------------  S Y S T E M  ---------------

OS:jessie/sid

uname:Linux 3.19.0-31-generic #36~14.04.1-Ubuntu SMP Thu Oct 8 10:21:08 UTC 2015 x86_64
libc:glibc 2.19 NPTL 2.19 
rlimit: STACK 8192k, CORE 0k, NPROC 15560, NOFILE 4096, AS infinity
load average:1,17 1,12 1,03

/proc/meminfo:
MemTotal:        4014060 kB
MemFree:          111672 kB
MemAvailable:      71852 kB
Buffers:            1232 kB
Cached:            98488 kB
SwapCached:            0 kB
Active:          3620124 kB
Inactive:          72448 kB
Active(anon):    3594388 kB
Inactive(anon):    42400 kB
Active(file):      25736 kB
Inactive(file):    30048 kB
Unevictable:          32 kB
Mlocked:              32 kB
SwapTotal:             0 kB
SwapFree:              0 kB
Dirty:               384 kB
Writeback:             0 kB
AnonPages:       3593000 kB
Mapped:            89100 kB
Shmem:             43824 kB
Slab:              77340 kB
SReclaimable:      33504 kB
SUnreclaim:        43836 kB
KernelStack:       10224 kB
PageTables:        45620 kB
NFS_Unstable:          0 kB
Bounce:                0 kB
WritebackTmp:          0 kB
CommitLimit:     2007028 kB
Committed_AS:    7513496 kB
VmallocTotal:   34359738367 kB
VmallocUsed:       92200 kB
VmallocChunk:   34359641980 kB
HardwareCorrupted:     0 kB
AnonHugePages:   2263040 kB
CmaTotal:              0 kB
CmaFree:               0 kB
HugePages_Total:       0
HugePages_Free:        0
HugePages_Rsvd:        0
HugePages_Surp:        0
Hugepagesize:       2048 kB
DirectMap4k:      384588 kB
DirectMap2M:     3776512 kB


CPU:total 2 (2 cores per cpu, 1 threads per core) family 6 model 23 stepping 10, cmov, cx8, fxsr, mmx, sse, sse2, sse3, ssse3, sse4.1, tsc

/proc/cpuinfo:
processor	: 0
vendor_id	: GenuineIntel
cpu family	: 6
model		: 23
model name	: Intel(R) Core(TM)2 Duo CPU     T6600  @ 2.20GHz
stepping	: 10
microcode	: 0xa0b
cpu MHz		: 2200.000
cache size	: 2048 KB
physical id	: 0
siblings	: 2
core id		: 0
cpu cores	: 2
apicid		: 0
initial apicid	: 0
fpu		: yes
fpu_exception	: yes
cpuid level	: 13
wp		: yes
flags		: fpu vme de pse tsc msr pae mce cx8 apic sep mtrr pge mca cmov pat pse36 clflush dts acpi mmx fxsr sse sse2 ss ht tm pbe syscall nx lm constant_tsc arch_perfmon pebs bts rep_good nopl aperfmperf pni dtes64 monitor ds_cpl est tm2 ssse3 cx16 xtpr pdcm sse4_1 xsave lahf_lm dtherm
bugs		:
bogomips	: 4388.72
clflush size	: 64
cache_alignment	: 64
address sizes	: 36 bits physical, 48 bits virtual
power management:

processor	: 1
vendor_id	: GenuineIntel
cpu family	: 6
model		: 23
model name	: Intel(R) Core(TM)2 Duo CPU     T6600  @ 2.20GHz
stepping	: 10
microcode	: 0xa0b
cpu MHz		: 2200.000
cache size	: 2048 KB
physical id	: 0
siblings	: 2
core id		: 1
cpu cores	: 2
apicid		: 1
initial apicid	: 1
fpu		: yes
fpu_exception	: yes
cpuid level	: 13
wp		: yes
flags		: fpu vme de pse tsc msr pae mce cx8 apic sep mtrr pge mca cmov pat pse36 clflush dts acpi mmx fxsr sse sse2 ss ht tm pbe syscall nx lm constant_tsc arch_perfmon pebs bts rep_good nopl aperfmperf pni dtes64 monitor ds_cpl est tm2 ssse3 cx16 xtpr pdcm sse4_1 xsave lahf_lm dtherm
bugs		:
bogomips	: 4388.72
clflush size	: 64
cache_alignment	: 64
address sizes	: 36 bits physical, 48 bits virtual
power management:



Memory: 4k page, physical 4014060k(111672k free), swap 0k(0k free)

vm_info: Java HotSpot(TM) 64-Bit Server VM (24.79-b02) for linux-amd64 JRE (1.7.0_79-b15), built on Apr 10 2015 11:34:48 by "java_re" with gcc 4.3.0 20080428 (Red Hat 4.3.0-8)

time: Sat Nov  7 15:23:17 2015
elapsed time: 6 seconds

