#
# There is insufficient memory for the Java Runtime Environment to continue.
# Native memory allocation (malloc) failed to allocate 65011712 bytes for committing reserved memory.
# Possible reasons:
#   The system is out of physical RAM or swap space
#   In 32 bit mode, the process size limit was hit
# Possible solutions:
#   Reduce memory load on the system
#   Increase physical memory or swap space
#   Check if swap backing store is full
#   Use 64 bit Java on a 64 bit OS
#   Decrease Java heap size (-Xmx/-Xms)
#   Decrease number of Java threads
#   Decrease Java thread stack sizes (-Xss)
#   Set larger code cache with -XX:ReservedCodeCacheSize=
# This output file may be truncated or incomplete.
#
#  Out of Memory Error (os_linux.cpp:2756), pid=11363, tid=140412763240192
#
# JRE version: Java(TM) SE Runtime Environment (7.0_79-b15) (build 1.7.0_79-b15)
# Java VM: Java HotSpot(TM) 64-Bit Server VM (24.79-b02 mixed mode linux-amd64 compressed oops)
# Failed to write core dump. Core dumps have been disabled. To enable core dumping, try "ulimit -c unlimited" before starting Java again
#

---------------  T H R E A D  ---------------

Current thread (0x00007fb46c066000):  VMThread [stack: 0x00007fb464cff000,0x00007fb464e00000] [id=11371]

Stack: [0x00007fb464cff000,0x00007fb464e00000],  sp=0x00007fb464dfe2c0,  free space=1020k
Native frames: (J=compiled Java code, j=interpreted, Vv=VM code, C=native code)
V  [libjvm.so+0x9a32da]  VMError::report_and_die()+0x2ea
V  [libjvm.so+0x497f7b]  report_vm_out_of_memory(char const*, int, unsigned long, char const*)+0x9b
V  [libjvm.so+0x81fcce]  os::Linux::commit_memory_impl(char*, unsigned long, bool)+0xfe
V  [libjvm.so+0x820219]  os::pd_commit_memory(char*, unsigned long, unsigned long, bool)+0x29
V  [libjvm.so+0x819faa]  os::commit_memory(char*, unsigned long, unsigned long, bool)+0x2a
V  [libjvm.so+0x88d863]  PSVirtualSpace::expand_by(unsigned long)+0x53
V  [libjvm.so+0x88ec38]  PSYoungGen::resize_generation(unsigned long, unsigned long)+0xf8
V  [libjvm.so+0x88dda2]  PSYoungGen::resize(unsigned long, unsigned long)+0x22
V  [libjvm.so+0x88b15d]  PSScavenge::invoke_no_policy()+0xf3d
V  [libjvm.so+0x88b9a1]  PSScavenge::invoke()+0x41
V  [libjvm.so+0x842320]  ParallelScavengeHeap::failed_mem_allocate(unsigned long)+0x70
V  [libjvm.so+0x9a4b67]  VM_ParallelGCFailedAllocation::doit()+0x97
V  [libjvm.so+0x9ac005]  VM_Operation::evaluate()+0x55
V  [libjvm.so+0x9aa3ca]  VMThread::evaluate_operation(VM_Operation*)+0xba
V  [libjvm.so+0x9aa74e]  VMThread::loop()+0x1ce
V  [libjvm.so+0x9aabc0]  VMThread::run()+0x70
V  [libjvm.so+0x821ca8]  java_start(Thread*)+0x108

VM_Operation (0x00007fb4722fe210): ParallelGCFailedAllocation, mode: safepoint, requested by thread 0x00007fb46c00a800


---------------  P R O C E S S  ---------------

Java Threads: ( => current thread )
  0x00007fb46c096000 JavaThread "Service Thread" daemon [_thread_blocked, id=11378, stack(0x00007fb447dfe000,0x00007fb447eff000)]
  0x00007fb46c093800 JavaThread "C2 CompilerThread1" daemon [_thread_blocked, id=11377, stack(0x00007fb447eff000,0x00007fb448000000)]
  0x00007fb46c090800 JavaThread "C2 CompilerThread0" daemon [_thread_blocked, id=11376, stack(0x00007fb4640e8000,0x00007fb4641e9000)]
  0x00007fb46c08e800 JavaThread "Signal Dispatcher" daemon [_thread_blocked, id=11375, stack(0x00007fb4641e9000,0x00007fb4642ea000)]
  0x00007fb46c06c800 JavaThread "Finalizer" daemon [_thread_blocked, id=11373, stack(0x00007fb464afd000,0x00007fb464bfe000)]
  0x00007fb46c06a000 JavaThread "Reference Handler" daemon [_thread_blocked, id=11372, stack(0x00007fb464bfe000,0x00007fb464cff000)]
  0x00007fb46c00a800 JavaThread "main" [_thread_blocked, id=11368, stack(0x00007fb4721ff000,0x00007fb472300000)]

Other Threads:
=>0x00007fb46c066000 VMThread [stack: 0x00007fb464cff000,0x00007fb464e00000] [id=11371]
  0x00007fb46c0a0800 WatcherThread [stack: 0x00007fb447cfd000,0x00007fb447dfe000] [id=11379]

VM state:at safepoint (normal execution)

VM Mutex/Monitor currently owned by a thread:  ([mutex/lock_event])
[0x00007fb46c006e70] Threads_lock - owner thread: 0x00007fb46c066000
[0x00007fb46c007370] Heap_lock - owner thread: 0x00007fb46c00a800

Heap
 PSYoungGen      total 71680K, used 7291K [0x00000000eaa80000, 0x00000000ef980000, 0x0000000100000000)
  eden space 62976K, 0% used [0x00000000eaa80000,0x00000000eaa80000,0x00000000ee800000)
  from space 8704K, 83% used [0x00000000ee800000,0x00000000eef1edb8,0x00000000ef080000)
  to   space 8192K, 0% used [0x00000000ef080000,0x00000000ef080000,0x00000000ef880000)
 ParOldGen       total 41472K, used 33019K [0x00000000c0000000, 0x00000000c2880000, 0x00000000eaa80000)
  object space 41472K, 79% used [0x00000000c0000000,0x00000000c203ec78,0x00000000c2880000)
 PSPermGen       total 21504K, used 6847K [0x00000000bae00000, 0x00000000bc300000, 0x00000000c0000000)
  object space 21504K, 31% used [0x00000000bae00000,0x00000000bb4afd80,0x00000000bc300000)

Card table byte_map: [0x00007fb468154000,0x00007fb46837e000] byte_map_base: 0x00007fb467b7d000

Polling page: 0x00007fb47231f000

Code Cache  [0x00007fb46837e000, 0x00007fb4685ee000, 0x00007fb46b37e000)
 total_blobs=763 nmethods=513 adapters=204 free_code_cache=47762Kb largest_free_block=48879872

Compilation events (10 events):
Event: 6,343 Thread 0x00007fb46c090800 nmethod 506 0x00007fb4684d3190 code [0x00007fb4684d3300, 0x00007fb4684d3598]
Event: 6,343 Thread 0x00007fb46c090800  511             java.util.TimSort::binarySort (223 bytes)
Event: 6,346 Thread 0x00007fb46c093800 nmethod 510 0x00007fb4684d6590 code [0x00007fb4684d66c0, 0x00007fb4684d6738]
Event: 6,361 Thread 0x00007fb46c090800 nmethod 511 0x00007fb4684cff10 code [0x00007fb4684d00c0, 0x00007fb4684d0ad8]
Event: 6,378 Thread 0x00007fb46c093800  512             com.android.dx.io.instructions.RegisterRangeDecodedInstruction::<init> (26 bytes)
Event: 6,380 Thread 0x00007fb46c093800 nmethod 512 0x00007fb4684d2e10 code [0x00007fb4684d2f60, 0x00007fb4684d3078]
Event: 6,382 Thread 0x00007fb46c093800  513             com.android.dx.io.instructions.InstructionCodec$11::decode (38 bytes)
Event: 6,385 Thread 0x00007fb46c093800 nmethod 513 0x00007fb4684d2990 code [0x00007fb4684d2ae0, 0x00007fb4684d2c98]
Event: 6,385 Thread 0x00007fb46c093800  514             com.android.dx.io.instructions.InstructionCodec$11::encode (22 bytes)
Event: 6,388 Thread 0x00007fb46c093800 nmethod 514 0x00007fb4684d4bd0 code [0x00007fb4684d4d40, 0x00007fb4684d4f38]

GC Heap History (10 events):
Event: 3,612 GC heap after
Heap after GC invocations=2 (full 0):
 PSYoungGen      total 18432K, used 2531K [0x00000000eaa80000, 0x00000000ece80000, 0x0000000100000000)
  eden space 15872K, 0% used [0x00000000eaa80000,0x00000000eaa80000,0x00000000eba00000)
  from space 2560K, 98% used [0x00000000ebc80000,0x00000000ebef8da8,0x00000000ebf00000)
  to   space 2560K, 0% used [0x00000000eba00000,0x00000000eba00000,0x00000000ebc80000)
 ParOldGen       total 41472K, used 6275K [0x00000000c0000000, 0x00000000c2880000, 0x00000000eaa80000)
  object space 41472K, 15% used [0x00000000c0000000,0x00000000c0620ee8,0x00000000c2880000)
 PSPermGen       total 21504K, used 5896K [0x00000000bae00000, 0x00000000bc300000, 0x00000000c0000000)
  object space 21504K, 27% used [0x00000000bae00000,0x00000000bb3c21d8,0x00000000bc300000)
}
Event: 4,482 GC heap before
{Heap before GC invocations=3 (full 0):
 PSYoungGen      total 18432K, used 18403K [0x00000000eaa80000, 0x00000000ece80000, 0x0000000100000000)
  eden space 15872K, 100% used [0x00000000eaa80000,0x00000000eba00000,0x00000000eba00000)
  from space 2560K, 98% used [0x00000000ebc80000,0x00000000ebef8da8,0x00000000ebf00000)
  to   space 2560K, 0% used [0x00000000eba00000,0x00000000eba00000,0x00000000ebc80000)
 ParOldGen       total 41472K, used 6275K [0x00000000c0000000, 0x00000000c2880000, 0x00000000eaa80000)
  object space 41472K, 15% used [0x00000000c0000000,0x00000000c0620ee8,0x00000000c2880000)
 PSPermGen       total 21504K, used 6768K [0x00000000bae00000, 0x00000000bc300000, 0x00000000c0000000)
  object space 21504K, 31% used [0x00000000bae00000,0x00000000bb49c230,0x00000000bc300000)
Event: 4,518 GC heap after
Heap after GC invocations=3 (full 0):
 PSYoungGen      total 18432K, used 2551K [0x00000000eaa80000, 0x00000000ece80000, 0x0000000100000000)
  eden space 15872K, 0% used [0x00000000eaa80000,0x00000000eaa80000,0x00000000eba00000)
  from space 2560K, 99% used [0x00000000eba00000,0x00000000ebc7ddd8,0x00000000ebc80000)
  to   space 2560K, 0% used [0x00000000ecc00000,0x00000000ecc00000,0x00000000ece80000)
 ParOldGen       total 41472K, used 10253K [0x00000000c0000000, 0x00000000c2880000, 0x00000000eaa80000)
  object space 41472K, 24% used [0x00000000c0000000,0x00000000c0a034f8,0x00000000c2880000)
 PSPermGen       total 21504K, used 6768K [0x00000000bae00000, 0x00000000bc300000, 0x00000000c0000000)
  object space 21504K, 31% used [0x00000000bae00000,0x00000000bb49c230,0x00000000bc300000)
}
Event: 4,860 GC heap before
{Heap before GC invocations=4 (full 0):
 PSYoungGen      total 18432K, used 18423K [0x00000000eaa80000, 0x00000000ece80000, 0x0000000100000000)
  eden space 15872K, 100% used [0x00000000eaa80000,0x00000000eba00000,0x00000000eba00000)
  from space 2560K, 99% used [0x00000000eba00000,0x00000000ebc7ddd8,0x00000000ebc80000)
  to   space 2560K, 0% used [0x00000000ecc00000,0x00000000ecc00000,0x00000000ece80000)
 ParOldGen       total 41472K, used 10253K [0x00000000c0000000, 0x00000000c2880000, 0x00000000eaa80000)
  object space 41472K, 24% used [0x00000000c0000000,0x00000000c0a034f8,0x00000000c2880000)
 PSPermGen       total 21504K, used 6798K [0x00000000bae00000, 0x00000000bc300000, 0x00000000c0000000)
  object space 21504K, 31% used [0x00000000bae00000,0x00000000bb4a3948,0x00000000bc300000)
Event: 4,886 GC heap after
Heap after GC invocations=4 (full 0):
 PSYoungGen      total 34304K, used 2459K [0x00000000eaa80000, 0x00000000ece80000, 0x0000000100000000)
  eden space 31744K, 0% used [0x00000000eaa80000,0x00000000eaa80000,0x00000000ec980000)
  from space 2560K, 96% used [0x00000000ecc00000,0x00000000ece66fc8,0x00000000ece80000)
  to   space 2560K, 0% used [0x00000000ec980000,0x00000000ec980000,0x00000000ecc00000)
 ParOldGen       total 41472K, used 15734K [0x00000000c0000000, 0x00000000c2880000, 0x00000000eaa80000)
  object space 41472K, 37% used [0x00000000c0000000,0x00000000c0f5da18,0x00000000c2880000)
 PSPermGen       total 21504K, used 6798K [0x00000000bae00000, 0x00000000bc300000, 0x00000000c0000000)
  object space 21504K, 31% used [0x00000000bae00000,0x00000000bb4a3948,0x00000000bc300000)
}
Event: 5,404 GC heap before
{Heap before GC invocations=5 (full 0):
 PSYoungGen      total 34304K, used 34203K [0x00000000eaa80000, 0x00000000ece80000, 0x0000000100000000)
  eden space 31744K, 100% used [0x00000000eaa80000,0x00000000ec980000,0x00000000ec980000)
  from space 2560K, 96% used [0x00000000ecc00000,0x00000000ece66fc8,0x00000000ece80000)
  to   space 2560K, 0% used [0x00000000ec980000,0x00000000ec980000,0x00000000ecc00000)
 ParOldGen       total 41472K, used 15734K [0x00000000c0000000, 0x00000000c2880000, 0x00000000eaa80000)
  object space 41472K, 37% used [0x00000000c0000000,0x00000000c0f5da18,0x00000000c2880000)
 PSPermGen       total 21504K, used 6828K [0x00000000bae00000, 0x00000000bc300000, 0x00000000c0000000)
  object space 21504K, 31% used [0x00000000bae00000,0x00000000bb4ab118,0x00000000bc300000)
Event: 5,429 GC heap after
Heap after GC invocations=5 (full 0):
 PSYoungGen      total 34304K, used 2534K [0x00000000eaa80000, 0x00000000ef880000, 0x0000000100000000)
  eden space 31744K, 0% used [0x00000000eaa80000,0x00000000eaa80000,0x00000000ec980000)
  from space 2560K, 99% used [0x00000000ec980000,0x00000000ecbf9b88,0x00000000ecc00000)
  to   space 8192K, 0% used [0x00000000ef080000,0x00000000ef080000,0x00000000ef880000)
 ParOldGen       total 41472K, used 19609K [0x00000000c0000000, 0x00000000c2880000, 0x00000000eaa80000)
  object space 41472K, 47% used [0x00000000c0000000,0x00000000c1326610,0x00000000c2880000)
 PSPermGen       total 21504K, used 6828K [0x00000000bae00000, 0x00000000bc300000, 0x00000000c0000000)
  object space 21504K, 31% used [0x00000000bae00000,0x00000000bb4ab118,0x00000000bc300000)
}
Event: 5,658 GC heap before
{Heap before GC invocations=6 (full 0):
 PSYoungGen      total 34304K, used 34278K [0x00000000eaa80000, 0x00000000ef880000, 0x0000000100000000)
  eden space 31744K, 100% used [0x00000000eaa80000,0x00000000ec980000,0x00000000ec980000)
  from space 2560K, 99% used [0x00000000ec980000,0x00000000ecbf9b88,0x00000000ecc00000)
  to   space 8192K, 0% used [0x00000000ef080000,0x00000000ef080000,0x00000000ef880000)
 ParOldGen       total 41472K, used 19609K [0x00000000c0000000, 0x00000000c2880000, 0x00000000eaa80000)
  object space 41472K, 47% used [0x00000000c0000000,0x00000000c1326610,0x00000000c2880000)
 PSPermGen       total 21504K, used 6836K [0x00000000bae00000, 0x00000000bc300000, 0x00000000c0000000)
  object space 21504K, 31% used [0x00000000bae00000,0x00000000bb4ad298,0x00000000bc300000)
Event: 5,678 GC heap after
Heap after GC invocations=6 (full 0):
 PSYoungGen      total 71168K, used 6064K [0x00000000eaa80000, 0x00000000ef980000, 0x0000000100000000)
  eden space 62976K, 0% used [0x00000000eaa80000,0x00000000eaa80000,0x00000000ee800000)
  from space 8192K, 74% used [0x00000000ef080000,0x00000000ef66c3c0,0x00000000ef880000)
  to   space 8704K, 0% used [0x00000000ee800000,0x00000000ee800000,0x00000000ef080000)
 ParOldGen       total 41472K, used 22168K [0x00000000c0000000, 0x00000000c2880000, 0x00000000eaa80000)
  object space 41472K, 53% used [0x00000000c0000000,0x00000000c15a6050,0x00000000c2880000)
 PSPermGen       total 21504K, used 6836K [0x00000000bae00000, 0x00000000bc300000, 0x00000000c0000000)
  object space 21504K, 31% used [0x00000000bae00000,0x00000000bb4ad298,0x00000000bc300000)
}
Event: 6,394 GC heap before
{Heap before GC invocations=7 (full 0):
 PSYoungGen      total 71168K, used 69040K [0x00000000eaa80000, 0x00000000ef980000, 0x0000000100000000)
  eden space 62976K, 100% used [0x00000000eaa80000,0x00000000ee800000,0x00000000ee800000)
  from space 8192K, 74% used [0x00000000ef080000,0x00000000ef66c3c0,0x00000000ef880000)
  to   space 8704K, 0% used [0x00000000ee800000,0x00000000ee800000,0x00000000ef080000)
 ParOldGen       total 41472K, used 22168K [0x00000000c0000000, 0x00000000c2880000, 0x00000000eaa80000)
  object space 41472K, 53% used [0x00000000c0000000,0x00000000c15a6050,0x00000000c2880000)
 PSPermGen       total 21504K, used 6847K [0x00000000bae00000, 0x00000000bc300000, 0x00000000c0000000)
  object space 21504K, 31% used [0x00000000bae00000,0x00000000bb4afd80,0x00000000bc300000)

Deoptimization events (10 events):
Event: 4,018 Thread 0x00007fb46c00a800 Uncommon trap: reason=class_check action=maybe_recompile pc=0x00007fb46842ce04 method=com.android.dex.Leb128.readUnsignedLeb128(Lcom/android/dex/util/ByteInput;)I @ 5
Event: 4,216 Thread 0x00007fb46c00a800 Uncommon trap: reason=predicate action=maybe_recompile pc=0x00007fb468438e50 method=com.android.dex.Leb128.readUnsignedLeb128(Lcom/android/dex/util/ByteInput;)I @ 41
Event: 5,492 Thread 0x00007fb46c00a800 Uncommon trap: reason=predicate action=maybe_recompile pc=0x00007fb468496bd8 method=java.util.ComparableTimSort.binarySort([Ljava/lang/Object;III)V @ 37
Event: 5,553 Thread 0x00007fb46c00a800 Uncommon trap: reason=predicate action=maybe_recompile pc=0x00007fb46849b798 method=java.util.TimSort.binarySort([Ljava/lang/Object;IIILjava/util/Comparator;)V @ 37
Event: 5,860 Thread 0x00007fb46c00a800 Uncommon trap: reason=array_check action=maybe_recompile pc=0x00007fb4684b8948 method=java.util.TimSort.binarySort([Ljava/lang/Object;IIILjava/util/Comparator;)V @ 193
Event: 5,860 Thread 0x00007fb46c00a800 Uncommon trap: reason=array_check action=maybe_recompile pc=0x00007fb4684b8948 method=java.util.TimSort.binarySort([Ljava/lang/Object;IIILjava/util/Comparator;)V @ 193
Event: 5,860 Thread 0x00007fb46c00a800 Uncommon trap: reason=array_check action=maybe_recompile pc=0x00007fb4684b8948 method=java.util.TimSort.binarySort([Ljava/lang/Object;IIILjava/util/Comparator;)V @ 193
Event: 5,860 Thread 0x00007fb46c00a800 Uncommon trap: reason=array_check action=maybe_recompile pc=0x00007fb4684b8948 method=java.util.TimSort.binarySort([Ljava/lang/Object;IIILjava/util/Comparator;)V @ 193
Event: 6,341 Thread 0x00007fb46c00a800 Uncommon trap: reason=array_check action=maybe_recompile pc=0x00007fb4684baf98 method=java.util.TimSort.binarySort([Ljava/lang/Object;IIILjava/util/Comparator;)V @ 215
Event: 6,341 Thread 0x00007fb46c00a800 Uncommon trap: reason=array_check action=maybe_recompile pc=0x00007fb4684baf98 method=java.util.TimSort.binarySort([Ljava/lang/Object;IIILjava/util/Comparator;)V @ 215

Internal exceptions (10 events):
Event: 3,883 Thread 0x00007fb46c00a800 Threw 0x00000000eacf5338 at /HUDSON/workspace/7u-2-build-linux-amd64/jdk7u79/2331/hotspot/src/share/vm/prims/jvm.cpp:1304
Event: 3,883 Thread 0x00007fb46c00a800 Threw 0x00000000eacf8268 at /HUDSON/workspace/7u-2-build-linux-amd64/jdk7u79/2331/hotspot/src/share/vm/prims/jvm.cpp:1304
Event: 3,883 Thread 0x00007fb46c00a800 Threw 0x00000000eacfb278 at /HUDSON/workspace/7u-2-build-linux-amd64/jdk7u79/2331/hotspot/src/share/vm/prims/jvm.cpp:1304
Event: 3,886 Thread 0x00007fb46c00a800 Threw 0x00000000eacfea60 at /HUDSON/workspace/7u-2-build-linux-amd64/jdk7u79/2331/hotspot/src/share/vm/prims/jvm.cpp:1304
Event: 3,886 Thread 0x00007fb46c00a800 Threw 0x00000000ead01808 at /HUDSON/workspace/7u-2-build-linux-amd64/jdk7u79/2331/hotspot/src/share/vm/prims/jvm.cpp:1304
Event: 3,887 Thread 0x00007fb46c00a800 Threw 0x00000000ead04700 at /HUDSON/workspace/7u-2-build-linux-amd64/jdk7u79/2331/hotspot/src/share/vm/prims/jvm.cpp:1304
Event: 3,887 Thread 0x00007fb46c00a800 Threw 0x00000000ead07a10 at /HUDSON/workspace/7u-2-build-linux-amd64/jdk7u79/2331/hotspot/src/share/vm/prims/jvm.cpp:1304
Event: 3,891 Thread 0x00007fb46c00a800 Threw 0x00000000ead0ed88 at /HUDSON/workspace/7u-2-build-linux-amd64/jdk7u79/2331/hotspot/src/share/vm/prims/jvm.cpp:1304
Event: 3,891 Thread 0x00007fb46c00a800 Threw 0x00000000ead10de0 at /HUDSON/workspace/7u-2-build-linux-amd64/jdk7u79/2331/hotspot/src/share/vm/prims/jvm.cpp:1304
Event: 4,647 Thread 0x00007fb46c00a800 Threw 0x00000000eae51960 at /HUDSON/workspace/7u-2-build-linux-amd64/jdk7u79/2331/hotspot/src/share/vm/prims/jvm.cpp:1304

Events (10 events):
Event: 5,860 Thread 0x00007fb46c00a800 Uncommon trap: trap_request=0xffffffd6 fr.pc=0x00007fb4684b8948
Event: 5,860 Thread 0x00007fb46c00a800 DEOPT PACKING pc=0x00007fb4684b8948 sp=0x00007fb4722fe460
Event: 5,860 Thread 0x00007fb46c00a800 DEOPT UNPACKING pc=0x00007fb4683b7045 sp=0x00007fb4722fe428 mode 2
Event: 6,341 Thread 0x00007fb46c00a800 Uncommon trap: trap_request=0xffffffd6 fr.pc=0x00007fb4684baf98
Event: 6,341 Thread 0x00007fb46c00a800 DEOPT PACKING pc=0x00007fb4684baf98 sp=0x00007fb4722fe450
Event: 6,341 Thread 0x00007fb46c00a800 DEOPT UNPACKING pc=0x00007fb4683b7045 sp=0x00007fb4722fe428 mode 2
Event: 6,341 Thread 0x00007fb46c00a800 Uncommon trap: trap_request=0xffffffd6 fr.pc=0x00007fb4684baf98
Event: 6,341 Thread 0x00007fb46c00a800 DEOPT PACKING pc=0x00007fb4684baf98 sp=0x00007fb4722fe450
Event: 6,341 Thread 0x00007fb46c00a800 DEOPT UNPACKING pc=0x00007fb4683b7045 sp=0x00007fb4722fe428 mode 2
Event: 6,394 Executing VM operation: ParallelGCFailedAllocation


Dynamic libraries:
00400000-00401000 r-xp 00000000 00:1a 138257                             /home/sulf/Programs/jdk1.7.0_79/bin/java
00600000-00601000 rw-p 00000000 00:1a 138257                             /home/sulf/Programs/jdk1.7.0_79/bin/java
01b1e000-01b3f000 rw-p 00000000 00:00 0                                  [heap]
bae00000-bc300000 rw-p 00000000 00:00 0 
bc300000-c0000000 rw-p 00000000 00:00 0 
c0000000-c2880000 rw-p 00000000 00:00 0 
c2880000-eaa80000 rw-p 00000000 00:00 0 
eaa80000-ef980000 rw-p 00000000 00:00 0 
f3780000-100000000 rw-p 00000000 00:00 0 
7fb428000000-7fb428021000 rw-p 00000000 00:00 0 
7fb428021000-7fb42c000000 ---p 00000000 00:00 0 
7fb42c000000-7fb42c02c000 rw-p 00000000 00:00 0 
7fb42c02c000-7fb430000000 ---p 00000000 00:00 0 
7fb430000000-7fb430029000 rw-p 00000000 00:00 0 
7fb430029000-7fb434000000 ---p 00000000 00:00 0 
7fb434000000-7fb434021000 rw-p 00000000 00:00 0 
7fb434021000-7fb438000000 ---p 00000000 00:00 0 
7fb438000000-7fb438021000 rw-p 00000000 00:00 0 
7fb438021000-7fb43c000000 ---p 00000000 00:00 0 
7fb43c000000-7fb43c021000 rw-p 00000000 00:00 0 
7fb43c021000-7fb440000000 ---p 00000000 00:00 0 
7fb440000000-7fb44064a000 rw-p 00000000 00:00 0 
7fb44064a000-7fb444000000 ---p 00000000 00:00 0 
7fb447263000-7fb4473d0000 rw-p 00000000 00:00 0 
7fb4473d0000-7fb4473e6000 r-xp 00000000 00:1a 270500                     /home/sulf/Programs/jdk1.7.0_79/jre/lib/amd64/libnet.so
7fb4473e6000-7fb4475e6000 ---p 00016000 00:1a 270500                     /home/sulf/Programs/jdk1.7.0_79/jre/lib/amd64/libnet.so
7fb4475e6000-7fb4475e7000 rw-p 00016000 00:1a 270500                     /home/sulf/Programs/jdk1.7.0_79/jre/lib/amd64/libnet.so
7fb4475e7000-7fb4475f7000 r-xp 00000000 00:1a 270466                     /home/sulf/Programs/jdk1.7.0_79/jre/lib/amd64/libnio.so
7fb4475f7000-7fb4477f7000 ---p 00010000 00:1a 270466                     /home/sulf/Programs/jdk1.7.0_79/jre/lib/amd64/libnio.so
7fb4477f7000-7fb4477f8000 rw-p 00010000 00:1a 270466                     /home/sulf/Programs/jdk1.7.0_79/jre/lib/amd64/libnio.so
7fb4477f8000-7fb4477fb000 ---p 00000000 00:00 0 
7fb4477fb000-7fb4478f9000 rw-p 00000000 00:00 0 
7fb4478f9000-7fb4478fc000 ---p 00000000 00:00 0 
7fb4478fc000-7fb4479fa000 rw-p 00000000 00:00 0 
7fb4479fa000-7fb4479fd000 ---p 00000000 00:00 0 
7fb4479fd000-7fb447afb000 rw-p 00000000 00:00 0 
7fb447afb000-7fb447afe000 ---p 00000000 00:00 0 
7fb447afe000-7fb447bfc000 rw-p 00000000 00:00 0 
7fb447bfc000-7fb447bff000 ---p 00000000 00:00 0 
7fb447bff000-7fb447cfd000 rw-p 00000000 00:00 0 
7fb447cfd000-7fb447cfe000 ---p 00000000 00:00 0 
7fb447cfe000-7fb447dfe000 rw-p 00000000 00:00 0                          [stack:11379]
7fb447dfe000-7fb447e01000 ---p 00000000 00:00 0 
7fb447e01000-7fb447eff000 rw-p 00000000 00:00 0                          [stack:11378]
7fb447eff000-7fb447f02000 ---p 00000000 00:00 0 
7fb447f02000-7fb448000000 rw-p 00000000 00:00 0                          [stack:11377]
7fb448000000-7fb448021000 rw-p 00000000 00:00 0 
7fb448021000-7fb44c000000 ---p 00000000 00:00 0 
7fb44c000000-7fb44c99a000 rw-p 00000000 00:00 0 
7fb44c99a000-7fb450000000 ---p 00000000 00:00 0 
7fb450000000-7fb450021000 rw-p 00000000 00:00 0 
7fb450021000-7fb454000000 ---p 00000000 00:00 0 
7fb454000000-7fb454021000 rw-p 00000000 00:00 0 
7fb454021000-7fb458000000 ---p 00000000 00:00 0 
7fb458000000-7fb458021000 rw-p 00000000 00:00 0 
7fb458021000-7fb45c000000 ---p 00000000 00:00 0 
7fb45c000000-7fb45c0e2000 rw-p 00000000 00:00 0 
7fb45c0e2000-7fb460000000 ---p 00000000 00:00 0 
7fb460000000-7fb460021000 rw-p 00000000 00:00 0 
7fb460021000-7fb464000000 ---p 00000000 00:00 0 
7fb4640e8000-7fb4640eb000 ---p 00000000 00:00 0 
7fb4640eb000-7fb4641e9000 rw-p 00000000 00:00 0                          [stack:11376]
7fb4641e9000-7fb4641ec000 ---p 00000000 00:00 0 
7fb4641ec000-7fb4642ea000 rw-p 00000000 00:00 0                          [stack:11375]
7fb4642ea000-7fb464afd000 r--p 00000000 08:08 1319188                    /usr/lib/locale/locale-archive
7fb464afd000-7fb464b00000 ---p 00000000 00:00 0 
7fb464b00000-7fb464bfe000 rw-p 00000000 00:00 0                          [stack:11373]
7fb464bfe000-7fb464c01000 ---p 00000000 00:00 0 
7fb464c01000-7fb464cff000 rw-p 00000000 00:00 0                          [stack:11372]
7fb464cff000-7fb464d00000 ---p 00000000 00:00 0 
7fb464d00000-7fb4657b7000 rw-p 00000000 00:00 0                          [stack:11371]
7fb4657b7000-7fb465977000 r--s 039f7000 00:1a 270570                     /home/sulf/Programs/jdk1.7.0_79/jre/lib/rt.jar
7fb465977000-7fb467f29000 rw-p 00000000 00:00 0 
7fb467f29000-7fb467f2a000 ---p 00000000 00:00 0 
7fb467f2a000-7fb46802a000 rw-p 00000000 00:00 0                          [stack:11370]
7fb46802a000-7fb46802b000 ---p 00000000 00:00 0 
7fb46802b000-7fb468136000 rw-p 00000000 00:00 0                          [stack:11369]
7fb468136000-7fb468154000 rw-p 00000000 00:00 0 
7fb468154000-7fb46815f000 rw-p 00000000 00:00 0 
7fb46815f000-7fb46817d000 rw-p 00000000 00:00 0 
7fb46817d000-7fb468192000 rw-p 00000000 00:00 0 
7fb468192000-7fb4682d2000 rw-p 00000000 00:00 0 
7fb4682d2000-7fb4682fa000 rw-p 00000000 00:00 0 
7fb4682fa000-7fb46837d000 rw-p 00000000 00:00 0 
7fb46837d000-7fb46837e000 rw-p 00000000 00:00 0 
7fb46837e000-7fb4685ee000 rwxp 00000000 00:00 0 
7fb4685ee000-7fb46b37e000 rw-p 00000000 00:00 0 
7fb46b37e000-7fb46b398000 r-xp 00000000 00:1a 270495                     /home/sulf/Programs/jdk1.7.0_79/jre/lib/amd64/libzip.so
7fb46b398000-7fb46b598000 ---p 0001a000 00:1a 270495                     /home/sulf/Programs/jdk1.7.0_79/jre/lib/amd64/libzip.so
7fb46b598000-7fb46b599000 rw-p 0001a000 00:1a 270495                     /home/sulf/Programs/jdk1.7.0_79/jre/lib/amd64/libzip.so
7fb46b599000-7fb46b5a4000 r-xp 00000000 08:08 790982                     /lib/x86_64-linux-gnu/libnss_files-2.19.so
7fb46b5a4000-7fb46b7a3000 ---p 0000b000 08:08 790982                     /lib/x86_64-linux-gnu/libnss_files-2.19.so
7fb46b7a3000-7fb46b7a4000 r--p 0000a000 08:08 790982                     /lib/x86_64-linux-gnu/libnss_files-2.19.so
7fb46b7a4000-7fb46b7a5000 rw-p 0000b000 08:08 790982                     /lib/x86_64-linux-gnu/libnss_files-2.19.so
7fb46b7a5000-7fb46b7b0000 r-xp 00000000 08:08 790992                     /lib/x86_64-linux-gnu/libnss_nis-2.19.so
7fb46b7b0000-7fb46b9af000 ---p 0000b000 08:08 790992                     /lib/x86_64-linux-gnu/libnss_nis-2.19.so
7fb46b9af000-7fb46b9b0000 r--p 0000a000 08:08 790992                     /lib/x86_64-linux-gnu/libnss_nis-2.19.so
7fb46b9b0000-7fb46b9b1000 rw-p 0000b000 08:08 790992                     /lib/x86_64-linux-gnu/libnss_nis-2.19.so
7fb46b9b1000-7fb46b9c8000 r-xp 00000000 08:08 790976                     /lib/x86_64-linux-gnu/libnsl-2.19.so
7fb46b9c8000-7fb46bbc7000 ---p 00017000 08:08 790976                     /lib/x86_64-linux-gnu/libnsl-2.19.so
7fb46bbc7000-7fb46bbc8000 r--p 00016000 08:08 790976                     /lib/x86_64-linux-gnu/libnsl-2.19.so
7fb46bbc8000-7fb46bbc9000 rw-p 00017000 08:08 790976                     /lib/x86_64-linux-gnu/libnsl-2.19.so
7fb46bbc9000-7fb46bbcb000 rw-p 00000000 00:00 0 
7fb46bbcb000-7fb46bbd4000 r-xp 00000000 08:08 790978                     /lib/x86_64-linux-gnu/libnss_compat-2.19.so
7fb46bbd4000-7fb46bdd3000 ---p 00009000 08:08 790978                     /lib/x86_64-linux-gnu/libnss_compat-2.19.so
7fb46bdd3000-7fb46bdd4000 r--p 00008000 08:08 790978                     /lib/x86_64-linux-gnu/libnss_compat-2.19.so
7fb46bdd4000-7fb46bdd5000 rw-p 00009000 08:08 790978                     /lib/x86_64-linux-gnu/libnss_compat-2.19.so
7fb46bdd5000-7fb46bdfe000 r-xp 00000000 00:1a 270461                     /home/sulf/Programs/jdk1.7.0_79/jre/lib/amd64/libjava.so
7fb46bdfe000-7fb46bffe000 ---p 00029000 00:1a 270461                     /home/sulf/Programs/jdk1.7.0_79/jre/lib/amd64/libjava.so
7fb46bffe000-7fb46c000000 rw-p 00029000 00:1a 270461                     /home/sulf/Programs/jdk1.7.0_79/jre/lib/amd64/libjava.so
7fb46c000000-7fb46c1e1000 rw-p 00000000 00:00 0 
7fb46c1e1000-7fb470000000 ---p 00000000 00:00 0 
7fb470016000-7fb47002b000 rw-p 00000000 00:00 0 
7fb47002b000-7fb47016c000 rw-p 00000000 00:00 0 
7fb47016c000-7fb470179000 r-xp 00000000 00:1a 270488                     /home/sulf/Programs/jdk1.7.0_79/jre/lib/amd64/libverify.so
7fb470179000-7fb470378000 ---p 0000d000 00:1a 270488                     /home/sulf/Programs/jdk1.7.0_79/jre/lib/amd64/libverify.so
7fb470378000-7fb47037a000 rw-p 0000c000 00:1a 270488                     /home/sulf/Programs/jdk1.7.0_79/jre/lib/amd64/libverify.so
7fb47037a000-7fb470381000 r-xp 00000000 08:08 791035                     /lib/x86_64-linux-gnu/librt-2.19.so
7fb470381000-7fb470580000 ---p 00007000 08:08 791035                     /lib/x86_64-linux-gnu/librt-2.19.so
7fb470580000-7fb470581000 r--p 00006000 08:08 791035                     /lib/x86_64-linux-gnu/librt-2.19.so
7fb470581000-7fb470582000 rw-p 00007000 08:08 791035                     /lib/x86_64-linux-gnu/librt-2.19.so
7fb470582000-7fb470687000 r-xp 00000000 08:08 790957                     /lib/x86_64-linux-gnu/libm-2.19.so
7fb470687000-7fb470886000 ---p 00105000 08:08 790957                     /lib/x86_64-linux-gnu/libm-2.19.so
7fb470886000-7fb470887000 r--p 00104000 08:08 790957                     /lib/x86_64-linux-gnu/libm-2.19.so
7fb470887000-7fb470888000 rw-p 00105000 08:08 790957                     /lib/x86_64-linux-gnu/libm-2.19.so
7fb470888000-7fb4713fd000 r-xp 00000000 00:1a 270515                     /home/sulf/Programs/jdk1.7.0_79/jre/lib/amd64/server/libjvm.so
7fb4713fd000-7fb4715fd000 ---p 00b75000 00:1a 270515                     /home/sulf/Programs/jdk1.7.0_79/jre/lib/amd64/server/libjvm.so
7fb4715fd000-7fb4716c1000 rw-p 00b75000 00:1a 270515                     /home/sulf/Programs/jdk1.7.0_79/jre/lib/amd64/server/libjvm.so
7fb4716c1000-7fb471702000 rw-p 00000000 00:00 0 
7fb471702000-7fb4718bd000 r-xp 00000000 08:08 790907                     /lib/x86_64-linux-gnu/libc-2.19.so
7fb4718bd000-7fb471abc000 ---p 001bb000 08:08 790907                     /lib/x86_64-linux-gnu/libc-2.19.so
7fb471abc000-7fb471ac0000 r--p 001ba000 08:08 790907                     /lib/x86_64-linux-gnu/libc-2.19.so
7fb471ac0000-7fb471ac2000 rw-p 001be000 08:08 790907                     /lib/x86_64-linux-gnu/libc-2.19.so
7fb471ac2000-7fb471ac7000 rw-p 00000000 00:00 0 
7fb471ac7000-7fb471aca000 r-xp 00000000 08:08 790924                     /lib/x86_64-linux-gnu/libdl-2.19.so
7fb471aca000-7fb471cc9000 ---p 00003000 08:08 790924                     /lib/x86_64-linux-gnu/libdl-2.19.so
7fb471cc9000-7fb471cca000 r--p 00002000 08:08 790924                     /lib/x86_64-linux-gnu/libdl-2.19.so
7fb471cca000-7fb471ccb000 rw-p 00003000 08:08 790924                     /lib/x86_64-linux-gnu/libdl-2.19.so
7fb471ccb000-7fb471ce1000 r-xp 00000000 00:1a 137435                     /home/sulf/Programs/jdk1.7.0_79/lib/amd64/jli/libjli.so
7fb471ce1000-7fb471ee1000 ---p 00016000 00:1a 137435                     /home/sulf/Programs/jdk1.7.0_79/lib/amd64/jli/libjli.so
7fb471ee1000-7fb471ee2000 rw-p 00016000 00:1a 137435                     /home/sulf/Programs/jdk1.7.0_79/lib/amd64/jli/libjli.so
7fb471ee2000-7fb471efb000 r-xp 00000000 08:08 791027                     /lib/x86_64-linux-gnu/libpthread-2.19.so
7fb471efb000-7fb4720fa000 ---p 00019000 08:08 791027                     /lib/x86_64-linux-gnu/libpthread-2.19.so
7fb4720fa000-7fb4720fb000 r--p 00018000 08:08 791027                     /lib/x86_64-linux-gnu/libpthread-2.19.so
7fb4720fb000-7fb4720fc000 rw-p 00019000 08:08 791027                     /lib/x86_64-linux-gnu/libpthread-2.19.so
7fb4720fc000-7fb472100000 rw-p 00000000 00:00 0 
7fb472100000-7fb472123000 r-xp 00000000 08:08 790883                     /lib/x86_64-linux-gnu/ld-2.19.so
7fb472125000-7fb472129000 r--s 0008b000 00:1a 270565                     /home/sulf/Programs/jdk1.7.0_79/jre/lib/jsse.jar
7fb472129000-7fb472149000 rw-p 00000000 00:00 0 
7fb472149000-7fb4721ff000 rw-p 00000000 00:00 0 
7fb4721ff000-7fb472202000 ---p 00000000 00:00 0 
7fb472202000-7fb472304000 rw-p 00000000 00:00 0                          [stack:11368]
7fb472306000-7fb472307000 rw-p 00000000 00:00 0 
7fb472307000-7fb472316000 r--s 000df000 00:1a 932461                     /home/sulf/Android/Sdk/build-tools/23.0.1/lib/dx.jar
7fb472316000-7fb47231e000 rw-s 00000000 08:08 1070769                    /tmp/hsperfdata_sulf/11363
7fb47231e000-7fb47231f000 rw-p 00000000 00:00 0 
7fb47231f000-7fb472320000 ---p 00000000 00:00 0 
7fb472320000-7fb472322000 rw-p 00000000 00:00 0 
7fb472322000-7fb472323000 r--p 00022000 08:08 790883                     /lib/x86_64-linux-gnu/ld-2.19.so
7fb472323000-7fb472324000 rw-p 00023000 08:08 790883                     /lib/x86_64-linux-gnu/ld-2.19.so
7fb472324000-7fb472325000 rw-p 00000000 00:00 0 
7ffcb10eb000-7ffcb110d000 rw-p 00000000 00:00 0                          [stack]
7ffcb11df000-7ffcb11e1000 r--p 00000000 00:00 0                          [vvar]
7ffcb11e1000-7ffcb11e3000 r-xp 00000000 00:00 0                          [vdso]
ffffffffff600000-ffffffffff601000 r-xp 00000000 00:00 0                  [vsyscall]

VM Arguments:
jvm_args: -Xmx1024M -Dfile.encoding=UTF-8 -Duser.country=US -Duser.language=en -Duser.variant 
java_command: com.android.dx.command.Main --dex --num-threads=4 --output /home/sulf/Documents/Hacktory#2/app/build/intermediates/dex/debug /home/sulf/Documents/Hacktory#2/app/build/intermediates/classes/debug /home/sulf/Documents/Hacktory#2/app/build/intermediates/pre-dexed/debug/support-annotations-23.1.0-f29aedbac53570b365544dd31499119ef41f2026.jar /home/sulf/Documents/Hacktory#2/app/build/intermediates/pre-dexed/debug/okio-1.6.0-fd4631654f755252c7d8d86fc4932564849f802e.jar /home/sulf/Documents/Hacktory#2/app/build/intermediates/pre-dexed/debug/classes-fd7796d1206e8c3a6ef6d5a39de5332dfbf1551d.jar /home/sulf/Documents/Hacktory#2/app/build/intermediates/pre-dexed/debug/internal_impl-23.1.0-d2f53f37b40546631cdf99ecf3577b79724b7a46.jar /home/sulf/Documents/Hacktory#2/app/build/intermediates/pre-dexed/debug/classes-3e734e371a324d813621cae74239ee046ab854d5.jar /home/sulf/Documents/Hacktory#2/app/build/intermediates/pre-dexed/debug/okhttp-2.5.0-ce6ca9a411cc147bed24cedfafa12dca5acbf512.jar /home/sulf/Documents/Hacktory#2/app/build/intermediates/pre-dexed/debug/classes-b64b3ac9fc93f2139aca328b9afc3e4df98b408e.jar /home/sulf/Documents/Hacktory#2/app/build/intermediates/pre-dexed/debug/classes-560a7c7f6cf6954444611f2e394acba2696e7066.jar /home/sulf/Documents/Hacktory#2/app/build/intermediates/pre-dexed/debug/classes-ae13253f84110a7f1e2cf34bb8781576adf5dd23.jar
Launcher Type: SUN_STANDARD

Environment Variables:
JAVA_HOME=/home/sulf/Programs/jdk1.7.0_79
PATH=/usr/local/sbin:/usr/local/bin:/usr/sbin:/usr/bin:/sbin:/bin:/usr/games:/usr/local/games:/home/sulf/Programs/android-studio/bin:/home/sulf/Programs/idea-IC-143.381.42/bin:/home/sulf/Programs/jdk1.7.0_79
LD_LIBRARY_PATH=/home/sulf/Programs/android-studio/bin:
SHELL=/bin/bash
DISPLAY=:0

Signal Handlers:
SIGSEGV: [libjvm.so+0x9a3bf0], sa_mask[0]=0x7ffbfeff, sa_flags=0x10000004
SIGBUS: [libjvm.so+0x9a3bf0], sa_mask[0]=0x7ffbfeff, sa_flags=0x10000004
SIGFPE: [libjvm.so+0x81cb60], sa_mask[0]=0x7ffbfeff, sa_flags=0x10000004
SIGPIPE: [libjvm.so+0x81cb60], sa_mask[0]=0x7ffbfeff, sa_flags=0x10000004
SIGXFSZ: [libjvm.so+0x81cb60], sa_mask[0]=0x7ffbfeff, sa_flags=0x10000004
SIGILL: [libjvm.so+0x81cb60], sa_mask[0]=0x7ffbfeff, sa_flags=0x10000004
SIGUSR1: SIG_DFL, sa_mask[0]=0x00000000, sa_flags=0x00000000
SIGUSR2: [libjvm.so+0x81e360], sa_mask[0]=0x00000004, sa_flags=0x10000004
SIGHUP: [libjvm.so+0x81f480], sa_mask[0]=0x7ffbfeff, sa_flags=0x10000004
SIGINT: [libjvm.so+0x81f480], sa_mask[0]=0x7ffbfeff, sa_flags=0x10000004
SIGTERM: [libjvm.so+0x81f480], sa_mask[0]=0x7ffbfeff, sa_flags=0x10000004
SIGQUIT: [libjvm.so+0x81f480], sa_mask[0]=0x7ffbfeff, sa_flags=0x10000004


---------------  S Y S T E M  ---------------

OS:jessie/sid

uname:Linux 3.19.0-31-generic #36~14.04.1-Ubuntu SMP Thu Oct 8 10:21:08 UTC 2015 x86_64
libc:glibc 2.19 NPTL 2.19 
rlimit: STACK 8192k, CORE 0k, NPROC 15560, NOFILE 4096, AS infinity
load average:1,40 1,17 1,03

/proc/meminfo:
MemTotal:        4014060 kB
MemFree:          113048 kB
MemAvailable:      64276 kB
Buffers:            1312 kB
Cached:            80524 kB
SwapCached:            0 kB
Active:          3628772 kB
Inactive:          62248 kB
Active(anon):    3610680 kB
Inactive(anon):    42400 kB
Active(file):      18092 kB
Inactive(file):    19848 kB
Unevictable:          32 kB
Mlocked:              32 kB
SwapTotal:             0 kB
SwapFree:              0 kB
Dirty:               960 kB
Writeback:             0 kB
AnonPages:       3609288 kB
Mapped:            71336 kB
Shmem:             43824 kB
Slab:              77328 kB
SReclaimable:      33440 kB
SUnreclaim:        43888 kB
KernelStack:       10256 kB
PageTables:        45696 kB
NFS_Unstable:          0 kB
Bounce:                0 kB
WritebackTmp:          0 kB
CommitLimit:     2007028 kB
Committed_AS:    7529808 kB
VmallocTotal:   34359738367 kB
VmallocUsed:       92200 kB
VmallocChunk:   34359641980 kB
HardwareCorrupted:     0 kB
AnonHugePages:   2263040 kB
CmaTotal:              0 kB
CmaFree:               0 kB
HugePages_Total:       0
HugePages_Free:        0
HugePages_Rsvd:        0
HugePages_Surp:        0
Hugepagesize:       2048 kB
DirectMap4k:      384588 kB
DirectMap2M:     3776512 kB


CPU:total 2 (2 cores per cpu, 1 threads per core) family 6 model 23 stepping 10, cmov, cx8, fxsr, mmx, sse, sse2, sse3, ssse3, sse4.1, tsc

/proc/cpuinfo:
processor	: 0
vendor_id	: GenuineIntel
cpu family	: 6
model		: 23
model name	: Intel(R) Core(TM)2 Duo CPU     T6600  @ 2.20GHz
stepping	: 10
microcode	: 0xa0b
cpu MHz		: 2200.000
cache size	: 2048 KB
physical id	: 0
siblings	: 2
core id		: 0
cpu cores	: 2
apicid		: 0
initial apicid	: 0
fpu		: yes
fpu_exception	: yes
cpuid level	: 13
wp		: yes
flags		: fpu vme de pse tsc msr pae mce cx8 apic sep mtrr pge mca cmov pat pse36 clflush dts acpi mmx fxsr sse sse2 ss ht tm pbe syscall nx lm constant_tsc arch_perfmon pebs bts rep_good nopl aperfmperf pni dtes64 monitor ds_cpl est tm2 ssse3 cx16 xtpr pdcm sse4_1 xsave lahf_lm dtherm
bugs		:
bogomips	: 4388.72
clflush size	: 64
cache_alignment	: 64
address sizes	: 36 bits physical, 48 bits virtual
power management:

processor	: 1
vendor_id	: GenuineIntel
cpu family	: 6
model		: 23
model name	: Intel(R) Core(TM)2 Duo CPU     T6600  @ 2.20GHz
stepping	: 10
microcode	: 0xa0b
cpu MHz		: 1200.000
cache size	: 2048 KB
physical id	: 0
siblings	: 2
core id		: 1
cpu cores	: 2
apicid		: 1
initial apicid	: 1
fpu		: yes
fpu_exception	: yes
cpuid level	: 13
wp		: yes
flags		: fpu vme de pse tsc msr pae mce cx8 apic sep mtrr pge mca cmov pat pse36 clflush dts acpi mmx fxsr sse sse2 ss ht tm pbe syscall nx lm constant_tsc arch_perfmon pebs bts rep_good nopl aperfmperf pni dtes64 monitor ds_cpl est tm2 ssse3 cx16 xtpr pdcm sse4_1 xsave lahf_lm dtherm
bugs		:
bogomips	: 4388.72
clflush size	: 64
cache_alignment	: 64
address sizes	: 36 bits physical, 48 bits virtual
power management:



Memory: 4k page, physical 4014060k(113048k free), swap 0k(0k free)

vm_info: Java HotSpot(TM) 64-Bit Server VM (24.79-b02) for linux-amd64 JRE (1.7.0_79-b15), built on Apr 10 2015 11:34:48 by "java_re" with gcc 4.3.0 20080428 (Red Hat 4.3.0-8)

time: Sat Nov  7 15:21:43 2015
elapsed time: 7 seconds

